2024-06-11 13:57:19,281 INFO o.a.j.u.JMeterUtils: Setting Locale to en_IN
2024-06-11 13:57:19,318 INFO o.a.j.JMeter: Loading user properties from: user.properties
2024-06-11 13:57:19,318 INFO o.a.j.JMeter: Loading system properties from: system.properties
2024-06-11 13:57:19,318 INFO o.a.j.JMeter: Loading additional properties from: C:\Users\SwatantraKSrivastava\OneDrive - Advatix\Desktop\load_testing\apache-jmeter-5.6.3\bin\user.properties
2024-06-11 13:57:19,334 INFO o.a.j.JMeter: Copyright (c) 1998-2024 The Apache Software Foundation
2024-06-11 13:57:19,334 INFO o.a.j.JMeter: Version 5.6.3
2024-06-11 13:57:19,334 INFO o.a.j.JMeter: java.version=22.0.1
2024-06-11 13:57:19,334 INFO o.a.j.JMeter: java.vm.name=Java HotSpot(TM) 64-Bit Server VM
2024-06-11 13:57:19,334 INFO o.a.j.JMeter: os.name=Windows 10
2024-06-11 13:57:19,334 INFO o.a.j.JMeter: os.arch=amd64
2024-06-11 13:57:19,334 INFO o.a.j.JMeter: os.version=10.0
2024-06-11 13:57:19,334 INFO o.a.j.JMeter: file.encoding=UTF-8
2024-06-11 13:57:19,334 INFO o.a.j.JMeter: java.awt.headless=true
2024-06-11 13:57:19,334 INFO o.a.j.JMeter: Max memory     =4229955584
2024-06-11 13:57:19,334 INFO o.a.j.JMeter: Available Processors =8
2024-06-11 13:57:19,334 INFO o.a.j.JMeter: Default Locale=English (India)
2024-06-11 13:57:19,334 INFO o.a.j.JMeter: JMeter  Locale=English (India)
2024-06-11 13:57:19,334 INFO o.a.j.JMeter: JMeterHome=C:\Users\SwatantraKSrivastava\OneDrive - Advatix\Desktop\load_testing\apache-jmeter-5.6.3
2024-06-11 13:57:19,334 INFO o.a.j.JMeter: user.dir  =C:\Users\SwatantraKSrivastava\OneDrive - Advatix\Desktop\load_testing\apache-jmeter-5.6.3\bin
2024-06-11 13:57:19,350 INFO o.a.j.JMeter: PWD       =C:\Users\SwatantraKSrivastava\OneDrive - Advatix\Desktop\load_testing\apache-jmeter-5.6.3\bin
2024-06-11 13:57:19,350 INFO o.a.j.JMeter: IP: 192.168.1.7 Name: INGRLT000529 FullName: INGRLT000529
2024-06-11 13:57:19,365 INFO o.a.j.JMeter: Setting property 'jmeter.reportgenerator.outputdir' to:'C:\Users\SwatantraKSrivastava\OneDrive - Advatix\Desktop\load_testing\acs-2\outbound\outbound_report'
2024-06-11 13:57:19,365 INFO o.a.j.r.d.ReportGenerator: ReportGenerator will use for Parsing the separator: ','
2024-06-11 13:57:19,365 INFO o.a.j.r.d.ReportGenerator: Will only generate report from results file: C:\Users\SwatantraKSrivastava\OneDrive - Advatix\Desktop\load_testing\acs-2\outbound\outbound_result.csv
2024-06-11 13:57:19,365 INFO o.a.j.r.d.ReportGenerator: Reading report generator properties from: C:\Users\SwatantraKSrivastava\OneDrive - Advatix\Desktop\load_testing\apache-jmeter-5.6.3\bin\reportgenerator.properties
2024-06-11 13:57:19,365 INFO o.a.j.r.d.ReportGenerator: Merging with JMeter properties
2024-06-11 13:57:19,381 INFO o.a.j.r.c.ReportGeneratorConfiguration: Property 'jmeter.reportgenerator.temp_dir' not found, using default value 'temp' instead.
2024-06-11 13:57:19,381 INFO o.a.j.r.c.ReportGeneratorConfiguration: Property 'jmeter.reportgenerator.apdex_per_transaction' not found, using default value 'null' instead.
2024-06-11 13:57:19,396 INFO o.a.j.r.c.ReportGeneratorConfiguration: apdex_per_transaction is empty, not APDEX per transaction customization
2024-06-11 13:57:19,396 INFO o.a.j.r.c.ReportGeneratorConfiguration: Property 'jmeter.reportgenerator.sample_filter' not found, using default value 'null' instead.
2024-06-11 13:57:19,396 INFO o.a.j.r.c.ReportGeneratorConfiguration: Property 'jmeter.reportgenerator.report_title' not found, using default value 'null' instead.
2024-06-11 13:57:19,396 INFO o.a.j.r.c.ReportGeneratorConfiguration: Property 'jmeter.reportgenerator.end_date' not found, using default value 'null' instead.
2024-06-11 13:57:19,412 ERROR o.a.j.r.c.ReportGeneratorConfiguration: Error parsing property jmeter.reportgenerator.start_date with value: =yyyyMMddHHmmss using format: yyyyMMddHHmmss
java.text.ParseException: Unparseable date: "=yyyyMMddHHmmss"
	at java.base/java.text.DateFormat.parse(DateFormat.java:403) ~[?:?]
	at org.apache.jmeter.report.config.ReportGeneratorConfiguration.loadFromProperties(ReportGeneratorConfiguration.java:676) [ApacheJMeter_core.jar:5.6.3]
	at org.apache.jmeter.report.dashboard.ReportGenerator.<init>(ReportGenerator.java:155) [ApacheJMeter_core.jar:5.6.3]
	at org.apache.jmeter.JMeter.start(JMeter.java:484) [ApacheJMeter_core.jar:5.6.3]
	at java.base/jdk.internal.reflect.DirectMethodHandleAccessor.invoke(DirectMethodHandleAccessor.java:103) ~[?:?]
	at java.base/java.lang.reflect.Method.invoke(Method.java:580) ~[?:?]
	at org.apache.jmeter.NewDriver.main(NewDriver.java:259) [ApacheJMeter.jar:5.6.3]
2024-06-11 13:57:19,431 INFO o.a.j.r.c.ReportGeneratorConfiguration: Will use date range start date: =yyyyMMddHHmmss, end date: null
2024-06-11 13:57:19,431 INFO o.a.j.r.c.ReportGeneratorConfiguration: Property 'jmeter.reportgenerator.graph.totalTPS.exclude_controllers' not found, using default value 'false' instead.
2024-06-11 13:57:19,431 INFO o.a.j.r.c.ReportGeneratorConfiguration: Property 'jmeter.reportgenerator.graph.activeThreadsOverTime.exclude_controllers' not found, using default value 'false' instead.
2024-06-11 13:57:19,431 INFO o.a.j.r.c.ReportGeneratorConfiguration: Property 'jmeter.reportgenerator.graph.timeVsThreads.exclude_controllers' not found, using default value 'false' instead.
2024-06-11 13:57:19,431 INFO o.a.j.r.c.ReportGeneratorConfiguration: Property 'jmeter.reportgenerator.graph.responseTimeDistribution.exclude_controllers' not found, using default value 'false' instead.
2024-06-11 13:57:19,431 INFO o.a.j.r.c.ReportGeneratorConfiguration: Property 'jmeter.reportgenerator.graph.transactionsPerSecond.exclude_controllers' not found, using default value 'false' instead.
2024-06-11 13:57:19,431 INFO o.a.j.r.c.ReportGeneratorConfiguration: Property 'jmeter.reportgenerator.graph.responseTimePercentiles.exclude_controllers' not found, using default value 'false' instead.
2024-06-11 13:57:19,431 INFO o.a.j.r.c.ReportGeneratorConfiguration: Property 'jmeter.reportgenerator.graph.responseTimePercentilesOverTime.exclude_controllers' not found, using default value 'false' instead.
2024-06-11 13:57:19,431 INFO o.a.j.r.c.ReportGeneratorConfiguration: Property 'jmeter.reportgenerator.graph.responseTimesOverTime.exclude_controllers' not found, using default value 'false' instead.
2024-06-11 13:57:19,431 INFO o.a.j.r.c.ReportGeneratorConfiguration: Property 'jmeter.reportgenerator.graph.connectTimeOverTime.exclude_controllers' not found, using default value 'false' instead.
2024-06-11 13:57:19,447 INFO o.a.j.r.c.ReportGeneratorConfiguration: Property 'jmeter.reportgenerator.graph.latenciesOverTime.exclude_controllers' not found, using default value 'false' instead.
2024-06-11 13:57:19,447 INFO o.a.j.r.c.ReportGeneratorConfiguration: Property 'jmeter.reportgenerator.exporter.json.filters_only_sample_series' not found, using default value 'true' instead.
2024-06-11 13:57:19,447 INFO o.a.j.r.c.ReportGeneratorConfiguration: Property 'jmeter.reportgenerator.exporter.json.series_filter' not found, using default value '' instead.
2024-06-11 13:57:19,447 INFO o.a.j.r.c.ReportGeneratorConfiguration: Property 'jmeter.reportgenerator.exporter.json.show_controllers_only' not found, using default value 'false' instead.
2024-06-11 13:57:19,447 INFO o.a.j.r.c.ReportGeneratorConfiguration: Property 'jmeter.reportgenerator.exporter.html.filters_only_sample_series' not found, using default value 'true' instead.
2024-06-11 13:57:19,447 INFO o.a.j.r.c.ReportGeneratorConfiguration: Property 'jmeter.reportgenerator.exporter.html.series_filter' not found, using default value '' instead.
2024-06-11 13:57:19,447 INFO o.a.j.r.c.ReportGeneratorConfiguration: Property 'jmeter.reportgenerator.exporter.html.show_controllers_only' not found, using default value 'false' instead.
2024-06-11 13:57:19,866 INFO o.a.j.s.SaveService: Testplan (JMX) version: 2.2. Testlog (JTL) version: 2.2
2024-06-11 13:57:19,935 INFO o.a.j.s.SaveService: Using SaveService properties version 5.0
2024-06-11 13:57:19,935 INFO o.a.j.s.SaveService: Using SaveService properties file encoding UTF-8
2024-06-11 13:57:19,982 INFO o.a.j.r.p.NormalizerSampleConsumer: Using format, 'yyyy-MM-dd HH:mm:ss', to parse timeStamp field
2024-06-11 13:57:20,221 INFO o.a.j.r.p.AbstractSampleConsumer: class org.apache.jmeter.report.processor.AggregateConsumer#stopProducing(): beginDate produced 0 samples
2024-06-11 13:57:20,221 INFO o.a.j.r.p.AbstractSampleConsumer: class org.apache.jmeter.report.processor.AggregateConsumer#stopProducing(): endDate produced 0 samples
2024-06-11 13:57:20,221 INFO o.a.j.r.p.AbstractSampleConsumer: class org.apache.jmeter.report.processor.ApdexSummaryConsumer#stopProducing(): apdexSummary produced 0 samples
2024-06-11 13:57:20,221 INFO o.a.j.r.p.AbstractSampleConsumer: class org.apache.jmeter.report.processor.RequestsSummaryConsumer#stopProducing(): requestsSummary produced 0 samples
2024-06-11 13:57:20,236 INFO o.a.j.r.p.AbstractSampleConsumer: class org.apache.jmeter.report.processor.StatisticsSummaryConsumer#stopProducing(): statisticsSummary produced 0 samples
2024-06-11 13:57:20,236 INFO o.a.j.r.p.AbstractSampleConsumer: class org.apache.jmeter.report.processor.Top5ErrorsBySamplerConsumer#stopProducing(): top5ErrorsBySampler produced 0 samples
2024-06-11 13:57:20,236 INFO o.a.j.r.p.AbstractSampleConsumer: class org.apache.jmeter.report.processor.ErrorsSummaryConsumer#stopProducing(): errorsSummary produced 0 samples
2024-06-11 13:57:20,236 INFO o.a.j.r.p.AbstractSampleConsumer: class org.apache.jmeter.report.processor.graph.impl.HitsPerSecondGraphConsumer#stopProducing(): hitsPerSecond produced 0 samples
2024-06-11 13:57:20,283 INFO o.a.j.r.p.AbstractSampleConsumer: class org.apache.jmeter.report.processor.graph.impl.LatencyVSRequestGraphConsumer#stopProducing(): latencyVsRequest produced 0 samples
2024-06-11 13:57:20,283 INFO o.a.j.r.p.AbstractSampleConsumer: class org.apache.jmeter.report.processor.graph.impl.SyntheticResponseTimeDistributionGraphConsumer#stopProducing(): syntheticResponseTimeDistribution produced 0 samples
2024-06-11 13:57:20,283 INFO o.a.j.r.p.AbstractSampleConsumer: class org.apache.jmeter.report.processor.graph.impl.BytesThroughputGraphConsumer#stopProducing(): bytesThroughputOverTime produced 0 samples
2024-06-11 13:57:20,283 INFO o.a.j.r.p.AbstractSampleConsumer: class org.apache.jmeter.report.processor.graph.impl.CodesPerSecondGraphConsumer#stopProducing(): codesPerSecond produced 0 samples
2024-06-11 13:57:20,314 INFO o.a.j.r.p.AbstractSampleConsumer: class org.apache.jmeter.report.processor.graph.impl.ResponseTimeVSRequestGraphConsumer#stopProducing(): responseTimeVsRequest produced 0 samples
2024-06-11 13:57:20,314 INFO o.a.j.r.p.AbstractSampleConsumer: class org.apache.jmeter.report.processor.FilterConsumer#stopProducing(): startIntervalControlerFilter produced 3507 samples
2024-06-11 13:57:20,314 INFO o.a.j.r.p.AbstractSampleConsumer: class org.apache.jmeter.report.processor.graph.impl.TotalTPSGraphConsumer#stopProducing(): totalTPS produced 0 samples
2024-06-11 13:57:20,314 INFO o.a.j.r.p.AbstractSampleConsumer: class org.apache.jmeter.report.processor.graph.impl.ActiveThreadsGraphConsumer#stopProducing(): activeThreadsOverTime produced 0 samples
2024-06-11 13:57:20,314 INFO o.a.j.r.p.AbstractSampleConsumer: class org.apache.jmeter.report.processor.graph.impl.TimeVSThreadGraphConsumer#stopProducing(): timeVsThreads produced 0 samples
2024-06-11 13:57:20,321 INFO o.a.j.r.p.AbstractSampleConsumer: class org.apache.jmeter.report.processor.graph.impl.ResponseTimeDistributionGraphConsumer#stopProducing(): responseTimeDistribution produced 0 samples
2024-06-11 13:57:20,321 INFO o.a.j.r.p.AbstractSampleConsumer: class org.apache.jmeter.report.processor.graph.impl.TransactionsPerSecondGraphConsumer#stopProducing(): transactionsPerSecond produced 0 samples
2024-06-11 13:57:20,321 INFO o.a.j.r.p.AbstractSampleConsumer: class org.apache.jmeter.report.processor.graph.impl.ResponseTimePercentilesGraphConsumer#stopProducing(): responseTimePercentiles produced 0 samples
2024-06-11 13:57:20,321 INFO o.a.j.r.p.AbstractSampleConsumer: class org.apache.jmeter.report.processor.graph.impl.ResponseTimePercentilesOverTimeGraphConsumer#stopProducing(): responseTimePercentilesOverTime produced 0 samples
2024-06-11 13:57:20,321 INFO o.a.j.r.p.AbstractSampleConsumer: class org.apache.jmeter.report.processor.graph.impl.ResponseTimeOverTimeGraphConsumer#stopProducing(): responseTimesOverTime produced 0 samples
2024-06-11 13:57:20,321 INFO o.a.j.r.p.AbstractSampleConsumer: class org.apache.jmeter.report.processor.graph.impl.ConnectTimeOverTimeGraphConsumer#stopProducing(): connectTimeOverTime produced 0 samples
2024-06-11 13:57:20,321 INFO o.a.j.r.p.AbstractSampleConsumer: class org.apache.jmeter.report.processor.graph.impl.LatencyOverTimeGraphConsumer#stopProducing(): latenciesOverTime produced 0 samples
2024-06-11 13:57:20,321 INFO o.a.j.r.p.AbstractSampleConsumer: class org.apache.jmeter.report.processor.FilterConsumer#stopProducing(): nameFilter produced 7515 samples
2024-06-11 13:57:20,321 INFO o.a.j.r.p.AbstractSampleConsumer: class org.apache.jmeter.report.processor.FilterConsumer#stopProducing(): dateRangeFilter produced 1503 samples
2024-06-11 13:57:20,321 INFO o.a.j.r.p.AbstractSampleConsumer: class org.apache.jmeter.report.processor.NormalizerSampleConsumer#stopProducing(): normalizer produced 501 samples
2024-06-11 13:57:20,321 INFO o.a.j.r.p.CsvFileSampleSource: produce(): 501 samples produced in 301ms on channel 0
2024-06-11 13:57:20,321 INFO o.a.j.r.d.ReportGenerator: Exporting data using exporter:'json' of className:'org.apache.jmeter.report.dashboard.JsonExporter'
2024-06-11 13:57:20,437 INFO o.a.j.r.d.JsonExporter: Found data for consumer statisticsSummary in context
2024-06-11 13:57:20,437 INFO o.a.j.r.d.JsonExporter: Creating statistics for overall
2024-06-11 13:57:20,437 INFO o.a.j.r.d.JsonExporter: Creating statistics for other transactions
2024-06-11 13:57:20,437 INFO o.a.j.r.d.JsonExporter: Checking output folder
2024-06-11 13:57:20,437 INFO o.a.j.r.d.JsonExporter: Writing statistics JSON to C:\Users\SwatantraKSrivastava\OneDrive - Advatix\Desktop\load_testing\acs-2\outbound\outbound_report\statistics.json
2024-06-11 13:57:20,517 INFO o.a.j.r.d.ReportGenerator: Exporting data using exporter:'html' of className:'org.apache.jmeter.report.dashboard.HtmlTemplateExporter'
2024-06-11 13:57:20,521 INFO o.a.j.r.d.HtmlTemplateExporter: Will generate dashboard in folder: C:\Users\SwatantraKSrivastava\OneDrive - Advatix\Desktop\load_testing\acs-2\outbound\outbound_report
2024-06-11 13:57:20,799 INFO o.a.j.r.d.HtmlTemplateExporter: Report will be generated in: C:\Users\SwatantraKSrivastava\OneDrive - Advatix\Desktop\load_testing\acs-2\outbound\outbound_report, creating folder structure
2024-06-11 13:57:20,799 INFO o.a.j.r.d.TemplateVisitor: Copying folder from 'C:\Users\SwatantraKSrivastava\OneDrive - Advatix\Desktop\load_testing\apache-jmeter-5.6.3\bin\report-template' to 'C:\Users\SwatantraKSrivastava\OneDrive - Advatix\Desktop\load_testing\acs-2\outbound\outbound_report', got message: C:\Users\SwatantraKSrivastava\OneDrive - Advatix\Desktop\load_testing\acs-2\outbound\outbound_report, found non empty folder with following content [C:\Users\SwatantraKSrivastava\OneDrive - Advatix\Desktop\load_testing\acs-2\outbound\outbound_report\statistics.json], will be ignored
