2024-06-11 19:25:04,033 INFO o.a.j.u.JMeterUtils: Setting Locale to en_IN
2024-06-11 19:25:04,065 INFO o.a.j.JMeter: Loading user properties from: user.properties
2024-06-11 19:25:04,065 INFO o.a.j.JMeter: Loading system properties from: system.properties
2024-06-11 19:25:04,068 INFO o.a.j.JMeter: Copyright (c) 1998-2024 The Apache Software Foundation
2024-06-11 19:25:04,068 INFO o.a.j.JMeter: Version 5.6.3
2024-06-11 19:25:04,068 INFO o.a.j.JMeter: java.version=22.0.1
2024-06-11 19:25:04,068 INFO o.a.j.JMeter: java.vm.name=Java HotSpot(TM) 64-Bit Server VM
2024-06-11 19:25:04,068 INFO o.a.j.JMeter: os.name=Windows 10
2024-06-11 19:25:04,068 INFO o.a.j.JMeter: os.arch=amd64
2024-06-11 19:25:04,068 INFO o.a.j.JMeter: os.version=10.0
2024-06-11 19:25:04,068 INFO o.a.j.JMeter: file.encoding=UTF-8
2024-06-11 19:25:04,068 INFO o.a.j.JMeter: java.awt.headless=null
2024-06-11 19:25:04,068 INFO o.a.j.JMeter: Max memory     =4229955584
2024-06-11 19:25:04,068 INFO o.a.j.JMeter: Available Processors =8
2024-06-11 19:25:04,106 INFO o.a.j.JMeter: Default Locale=English (India)
2024-06-11 19:25:04,106 INFO o.a.j.JMeter: JMeter  Locale=English (India)
2024-06-11 19:25:04,106 INFO o.a.j.JMeter: JMeterHome=C:\Users\SwatantraKSrivastava\OneDrive - Advatix\Desktop\load_testing\load_testing1\apache-jmeter-5.6.3
2024-06-11 19:25:04,106 INFO o.a.j.JMeter: user.dir  =C:\Users\SwatantraKSrivastava\OneDrive - Advatix\Desktop\load_testing\load_testing1\apache-jmeter-5.6.3\bin
2024-06-11 19:25:04,111 INFO o.a.j.JMeter: PWD       =C:\Users\SwatantraKSrivastava\OneDrive - Advatix\Desktop\load_testing\load_testing1\apache-jmeter-5.6.3\bin
2024-06-11 19:25:04,113 INFO o.a.j.JMeter: IP: 192.168.1.7 Name: INGRLT000529 FullName: INGRLT000529
2024-06-11 19:25:04,128 INFO o.a.j.JMeter: Loaded icon properties from org/apache/jmeter/images/icon.properties
2024-06-11 19:25:04,777 INFO o.a.j.JMeterGuiLauncher: Setting LAF to: com.github.weisj.darklaf.DarkLaf:com.github.weisj.darklaf.theme.DarculaTheme
2024-06-11 19:25:08,039 INFO o.a.j.r.ClassFinder: Will scan jar C:\Users\SwatantraKSrivastava\OneDrive - Advatix\Desktop\load_testing\load_testing1\apache-jmeter-5.6.3\lib\ext\jmeter-plugins-mergeresults-2.1.jar with filter ExtendsClassFilter [parents=[interface org.apache.jmeter.gui.action.Command], inner=false, contains=null, notContains=null]. Consider exposing JMeter plugins via META-INF/services, and add JMeter-Skip-Class-Scanning=true manifest attribute so JMeter can skip classfile scanning
2024-06-11 19:25:08,059 INFO o.a.j.r.ClassFinder: Will scan jar C:\Users\SwatantraKSrivastava\OneDrive - Advatix\Desktop\load_testing\load_testing1\apache-jmeter-5.6.3\lib\ext\jmeter-plugins-perfmon-2.1.jar with filter ExtendsClassFilter [parents=[interface org.apache.jmeter.gui.action.Command], inner=false, contains=null, notContains=null]. Consider exposing JMeter plugins via META-INF/services, and add JMeter-Skip-Class-Scanning=true manifest attribute so JMeter can skip classfile scanning
2024-06-11 19:25:08,081 INFO o.a.j.r.ClassFinder: Will scan jar C:\Users\SwatantraKSrivastava\OneDrive - Advatix\Desktop\load_testing\load_testing1\apache-jmeter-5.6.3\lib\ext\perfmon-2.2.2.jar with filter ExtendsClassFilter [parents=[interface org.apache.jmeter.gui.action.Command], inner=false, contains=null, notContains=null]. Consider exposing JMeter plugins via META-INF/services, and add JMeter-Skip-Class-Scanning=true manifest attribute so JMeter can skip classfile scanning
2024-06-11 19:25:08,108 INFO o.a.j.r.ClassFinder: Will scan jar C:\Users\SwatantraKSrivastava\OneDrive - Advatix\Desktop\load_testing\load_testing1\apache-jmeter-5.6.3\lib\ext\jmeter-plugins-cmn-jmeter-0.7.jar with filter ExtendsClassFilter [parents=[interface org.apache.jmeter.gui.action.Command], inner=false, contains=null, notContains=null]. Consider exposing JMeter plugins via META-INF/services, and add JMeter-Skip-Class-Scanning=true manifest attribute so JMeter can skip classfile scanning
2024-06-11 19:25:08,173 INFO o.a.j.r.ClassFinder: Will scan jar C:\Users\SwatantraKSrivastava\OneDrive - Advatix\Desktop\load_testing\load_testing1\apache-jmeter-5.6.3\lib\ext\json-lib-2.4-jdk15.jar with filter ExtendsClassFilter [parents=[interface org.apache.jmeter.gui.action.Command], inner=false, contains=null, notContains=null]. Consider exposing JMeter plugins via META-INF/services, and add JMeter-Skip-Class-Scanning=true manifest attribute so JMeter can skip classfile scanning
2024-06-11 19:25:08,231 INFO o.a.j.r.ClassFinder: Will scan jar C:\Users\SwatantraKSrivastava\OneDrive - Advatix\Desktop\load_testing\load_testing1\apache-jmeter-5.6.3\lib\ext\jmeter-plugins-manager-1.10.jar with filter ExtendsClassFilter [parents=[interface org.apache.jmeter.gui.action.Command], inner=false, contains=null, notContains=null]. Consider exposing JMeter plugins via META-INF/services, and add JMeter-Skip-Class-Scanning=true manifest attribute so JMeter can skip classfile scanning
2024-06-11 19:25:08,442 INFO o.a.j.r.ClassFinder: Will scan jar C:\Users\SwatantraKSrivastava\OneDrive - Advatix\Desktop\load_testing\load_testing1\apache-jmeter-5.6.3\lib\ext\cmdrunner-2.3.jar with filter ExtendsClassFilter [parents=[interface org.apache.jmeter.gui.action.Command], inner=false, contains=null, notContains=null]. Consider exposing JMeter plugins via META-INF/services, and add JMeter-Skip-Class-Scanning=true manifest attribute so JMeter can skip classfile scanning
2024-06-11 19:25:08,655 INFO o.a.j.r.ClassFinder: Will scan jar C:\Users\SwatantraKSrivastava\OneDrive - Advatix\Desktop\load_testing\load_testing1\apache-jmeter-5.6.3\lib\ext\jmeter-plugins-mergeresults-2.1.jar with filter ExtendsClassFilter [parents=[interface org.apache.jmeter.gui.plugin.MenuCreator], inner=false, contains=null, notContains=null]. Consider exposing JMeter plugins via META-INF/services, and add JMeter-Skip-Class-Scanning=true manifest attribute so JMeter can skip classfile scanning
2024-06-11 19:25:08,662 INFO o.a.j.r.ClassFinder: Will scan jar C:\Users\SwatantraKSrivastava\OneDrive - Advatix\Desktop\load_testing\load_testing1\apache-jmeter-5.6.3\lib\ext\jmeter-plugins-perfmon-2.1.jar with filter ExtendsClassFilter [parents=[interface org.apache.jmeter.gui.plugin.MenuCreator], inner=false, contains=null, notContains=null]. Consider exposing JMeter plugins via META-INF/services, and add JMeter-Skip-Class-Scanning=true manifest attribute so JMeter can skip classfile scanning
2024-06-11 19:25:08,665 INFO o.a.j.r.ClassFinder: Will scan jar C:\Users\SwatantraKSrivastava\OneDrive - Advatix\Desktop\load_testing\load_testing1\apache-jmeter-5.6.3\lib\ext\perfmon-2.2.2.jar with filter ExtendsClassFilter [parents=[interface org.apache.jmeter.gui.plugin.MenuCreator], inner=false, contains=null, notContains=null]. Consider exposing JMeter plugins via META-INF/services, and add JMeter-Skip-Class-Scanning=true manifest attribute so JMeter can skip classfile scanning
2024-06-11 19:25:08,668 INFO o.a.j.r.ClassFinder: Will scan jar C:\Users\SwatantraKSrivastava\OneDrive - Advatix\Desktop\load_testing\load_testing1\apache-jmeter-5.6.3\lib\ext\jmeter-plugins-cmn-jmeter-0.7.jar with filter ExtendsClassFilter [parents=[interface org.apache.jmeter.gui.plugin.MenuCreator], inner=false, contains=null, notContains=null]. Consider exposing JMeter plugins via META-INF/services, and add JMeter-Skip-Class-Scanning=true manifest attribute so JMeter can skip classfile scanning
2024-06-11 19:25:08,672 INFO o.a.j.r.ClassFinder: Will scan jar C:\Users\SwatantraKSrivastava\OneDrive - Advatix\Desktop\load_testing\load_testing1\apache-jmeter-5.6.3\lib\ext\json-lib-2.4-jdk15.jar with filter ExtendsClassFilter [parents=[interface org.apache.jmeter.gui.plugin.MenuCreator], inner=false, contains=null, notContains=null]. Consider exposing JMeter plugins via META-INF/services, and add JMeter-Skip-Class-Scanning=true manifest attribute so JMeter can skip classfile scanning
2024-06-11 19:25:08,675 INFO o.a.j.r.ClassFinder: Will scan jar C:\Users\SwatantraKSrivastava\OneDrive - Advatix\Desktop\load_testing\load_testing1\apache-jmeter-5.6.3\lib\ext\jmeter-plugins-manager-1.10.jar with filter ExtendsClassFilter [parents=[interface org.apache.jmeter.gui.plugin.MenuCreator], inner=false, contains=null, notContains=null]. Consider exposing JMeter plugins via META-INF/services, and add JMeter-Skip-Class-Scanning=true manifest attribute so JMeter can skip classfile scanning
2024-06-11 19:25:08,680 INFO o.a.j.r.ClassFinder: Will scan jar C:\Users\SwatantraKSrivastava\OneDrive - Advatix\Desktop\load_testing\load_testing1\apache-jmeter-5.6.3\lib\ext\cmdrunner-2.3.jar with filter ExtendsClassFilter [parents=[interface org.apache.jmeter.gui.plugin.MenuCreator], inner=false, contains=null, notContains=null]. Consider exposing JMeter plugins via META-INF/services, and add JMeter-Skip-Class-Scanning=true manifest attribute so JMeter can skip classfile scanning
2024-06-11 19:25:08,947 INFO o.j.r.JARSourceHTTP: Requesting https://jmeter-plugins.org/repo/?installID=windows_10-8aa877673b922693c63706e7f9ef57a7-gui
2024-06-11 19:25:24,273 INFO o.j.r.PluginManager: Plugins Status: [jpgc-mergeresults=2.1, jpgc-perfmon=2.1, jpgc-plugins-manager=1.10, jmeter-core=5.6.3, jmeter-ftp=5.6.3, jmeter-http=5.6.3, jmeter-jdbc=5.6.3, jmeter-jms=5.6.3, jmeter-junit=5.6.3, jmeter-java=5.6.3, jmeter-ldap=5.6.3, jmeter-mail=5.6.3, jmeter-mongodb=5.6.3, jmeter-native=5.6.3, jmeter-tcp=5.6.3, jmeter-components=5.6.3]
2024-06-11 19:26:53,411 INFO o.a.j.s.FileServer: Default base='C:\Users\SwatantraKSrivastava\OneDrive - Advatix\Desktop\load_testing\load_testing1\apache-jmeter-5.6.3\bin'
2024-06-11 19:26:53,418 INFO o.a.j.g.a.Load: Loading file: C:\Users\SwatantraKSrivastava\OneDrive - Advatix\Desktop\load_testing\acs-2\outbound\outbound.jmx
2024-06-11 19:26:53,418 INFO o.a.j.s.FileServer: Set new base='C:\Users\SwatantraKSrivastava\OneDrive - Advatix\Desktop\load_testing\acs-2\outbound'
2024-06-11 19:26:53,797 INFO o.a.j.s.SaveService: Testplan (JMX) version: 2.2. Testlog (JTL) version: 2.2
2024-06-11 19:26:53,808 INFO o.a.j.s.SaveService: Using SaveService properties version 5.0
2024-06-11 19:26:53,810 INFO o.a.j.s.SaveService: Using SaveService properties file encoding UTF-8
2024-06-11 19:26:53,814 INFO o.a.j.s.SaveService: Loading file: C:\Users\SwatantraKSrivastava\OneDrive - Advatix\Desktop\load_testing\acs-2\outbound\outbound.jmx
2024-06-11 19:26:53,821 WARN o.j.r.p.TestPlanAnalyzer: Failed read jmx file
java.io.FileNotFoundException: C:\Users\SwatantraKSrivastava\OneDrive - Advatix\Desktop\load_testing\acs-2\outbound\outbound.jmx (The system cannot find the file specified)
	at java.base/java.io.FileInputStream.open0(Native Method) ~[?:?]
	at java.base/java.io.FileInputStream.open(FileInputStream.java:213) ~[?:?]
	at java.base/java.io.FileInputStream.<init>(FileInputStream.java:152) ~[?:?]
	at org.jmeterplugins.repository.plugins.TestPlanAnalyzer.readBytesFromFile(TestPlanAnalyzer.java:86) ~[jmeter-plugins-manager-1.10.jar:?]
	at org.jmeterplugins.repository.plugins.TestPlanAnalyzer.getNodeListWithClassNames(TestPlanAnalyzer.java:129) ~[jmeter-plugins-manager-1.10.jar:?]
	at org.jmeterplugins.repository.plugins.TestPlanAnalyzer.analyze(TestPlanAnalyzer.java:37) ~[jmeter-plugins-manager-1.10.jar:?]
	at org.jmeterplugins.repository.plugins.PluginSuggester.analyzeTestPlan(PluginSuggester.java:51) ~[jmeter-plugins-manager-1.10.jar:?]
	at org.jmeterplugins.repository.plugins.PluginSuggester.findPluginsToInstall(PluginSuggester.java:44) ~[jmeter-plugins-manager-1.10.jar:?]
	at org.jmeterplugins.repository.plugins.PluginSuggester.checkAndSuggest(PluginSuggester.java:28) ~[jmeter-plugins-manager-1.10.jar:?]
	at org.jmeterplugins.repository.logging.LoggerAppender.append(LoggerAppender.java:33) ~[jmeter-plugins-manager-1.10.jar:?]
	at org.apache.logging.log4j.core.config.AppenderControl.tryCallAppender(AppenderControl.java:160) ~[log4j-core-2.22.1.jar:2.22.1]
	at org.apache.logging.log4j.core.config.AppenderControl.callAppender0(AppenderControl.java:133) ~[log4j-core-2.22.1.jar:2.22.1]
	at org.apache.logging.log4j.core.config.AppenderControl.callAppenderPreventRecursion(AppenderControl.java:124) ~[log4j-core-2.22.1.jar:2.22.1]
	at org.apache.logging.log4j.core.config.AppenderControl.callAppender(AppenderControl.java:88) ~[log4j-core-2.22.1.jar:2.22.1]
	at org.apache.logging.log4j.core.config.LoggerConfig.callAppenders(LoggerConfig.java:705) ~[log4j-core-2.22.1.jar:2.22.1]
	at org.apache.logging.log4j.core.config.LoggerConfig.processLogEvent(LoggerConfig.java:663) ~[log4j-core-2.22.1.jar:2.22.1]
	at org.apache.logging.log4j.core.config.LoggerConfig.log(LoggerConfig.java:639) ~[log4j-core-2.22.1.jar:2.22.1]
	at org.apache.logging.log4j.core.config.LoggerConfig.log(LoggerConfig.java:575) ~[log4j-core-2.22.1.jar:2.22.1]
	at org.apache.logging.log4j.core.config.AwaitCompletionReliabilityStrategy.log(AwaitCompletionReliabilityStrategy.java:92) ~[log4j-core-2.22.1.jar:2.22.1]
	at org.apache.logging.log4j.core.Logger.log(Logger.java:169) ~[log4j-core-2.22.1.jar:2.22.1]
	at org.apache.logging.log4j.spi.AbstractLogger.tryLogMessage(AbstractLogger.java:2933) ~[log4j-api-2.22.1.jar:2.22.1]
	at org.apache.logging.log4j.spi.AbstractLogger.logMessageTrackRecursion(AbstractLogger.java:2886) ~[log4j-api-2.22.1.jar:2.22.1]
	at org.apache.logging.log4j.spi.AbstractLogger.logMessageSafely(AbstractLogger.java:2868) ~[log4j-api-2.22.1.jar:2.22.1]
	at org.apache.logging.log4j.spi.AbstractLogger.logMessage(AbstractLogger.java:2664) ~[log4j-api-2.22.1.jar:2.22.1]
	at org.apache.logging.log4j.spi.AbstractLogger.logIfEnabled(AbstractLogger.java:2429) ~[log4j-api-2.22.1.jar:2.22.1]
	at org.apache.logging.slf4j.Log4jLogger.info(Log4jLogger.java:184) ~[log4j-slf4j-impl-2.22.1.jar:2.22.1]
	at org.apache.jmeter.save.SaveService.loadTree(SaveService.java:425) ~[ApacheJMeter_core.jar:5.6.3]
	at org.apache.jmeter.gui.action.Load.loadProjectFile(Load.java:131) ~[ApacheJMeter_core.jar:5.6.3]
	at org.apache.jmeter.gui.action.Load.loadProjectFile(Load.java:103) ~[ApacheJMeter_core.jar:5.6.3]
	at org.apache.jmeter.gui.action.LoadRecentProject.doActionAfterCheck(LoadRecentProject.java:74) ~[ApacheJMeter_core.jar:5.6.3]
	at org.apache.jmeter.gui.action.AbstractActionWithNoRunningTest.doAction(AbstractActionWithNoRunningTest.java:44) ~[ApacheJMeter_core.jar:5.6.3]
	at org.apache.jmeter.gui.action.ActionRouter.performAction(ActionRouter.java:83) ~[ApacheJMeter_core.jar:5.6.3]
	at org.apache.jmeter.gui.action.ActionRouter.lambda$actionPerformed$0(ActionRouter.java:65) ~[ApacheJMeter_core.jar:5.6.3]
	at java.desktop/java.awt.event.InvocationEvent.dispatch(InvocationEvent.java:318) ~[?:?]
	at java.desktop/java.awt.EventQueue.dispatchEventImpl(EventQueue.java:773) ~[?:?]
	at java.desktop/java.awt.EventQueue$4.run(EventQueue.java:720) ~[?:?]
	at java.desktop/java.awt.EventQueue$4.run(EventQueue.java:714) ~[?:?]
	at java.base/java.security.AccessController.doPrivileged(AccessController.java:400) [?:?]
	at java.base/java.security.ProtectionDomain$JavaSecurityAccessImpl.doIntersectionPrivilege(ProtectionDomain.java:87) [?:?]
	at java.desktop/java.awt.EventQueue.dispatchEvent(EventQueue.java:742) [?:?]
	at java.desktop/java.awt.EventDispatchThread.pumpOneEventForFilters(EventDispatchThread.java:203) [?:?]
	at java.desktop/java.awt.EventDispatchThread.pumpEventsForFilter(EventDispatchThread.java:124) [?:?]
	at java.desktop/java.awt.EventDispatchThread.pumpEventsForHierarchy(EventDispatchThread.java:113) [?:?]
	at java.desktop/java.awt.EventDispatchThread.pumpEvents(EventDispatchThread.java:109) [?:?]
	at java.desktop/java.awt.EventDispatchThread.pumpEvents(EventDispatchThread.java:101) [?:?]
	at java.desktop/java.awt.EventDispatchThread.run(EventDispatchThread.java:90) [?:?]
2024-06-11 19:26:53,851 WARN o.j.r.p.TestPlanAnalyzer: Cannot parse file: C:\Users\SwatantraKSrivastava\OneDrive - Advatix\Desktop\load_testing\acs-2\outbound\outbound.jmx
org.xml.sax.SAXParseException: Premature end of file.
	at org.apache.xerces.parsers.DOMParser.parse(Unknown Source) ~[xercesImpl-2.12.2.jar:?]
	at org.apache.xerces.jaxp.DocumentBuilderImpl.parse(Unknown Source) ~[xercesImpl-2.12.2.jar:?]
	at java.xml/javax.xml.parsers.DocumentBuilder.parse(DocumentBuilder.java:122) ~[?:?]
	at org.jmeterplugins.repository.plugins.TestPlanAnalyzer.getNodeListWithClassNames(TestPlanAnalyzer.java:130) ~[jmeter-plugins-manager-1.10.jar:?]
	at org.jmeterplugins.repository.plugins.TestPlanAnalyzer.analyze(TestPlanAnalyzer.java:37) ~[jmeter-plugins-manager-1.10.jar:?]
	at org.jmeterplugins.repository.plugins.PluginSuggester.analyzeTestPlan(PluginSuggester.java:51) ~[jmeter-plugins-manager-1.10.jar:?]
	at org.jmeterplugins.repository.plugins.PluginSuggester.findPluginsToInstall(PluginSuggester.java:44) ~[jmeter-plugins-manager-1.10.jar:?]
	at org.jmeterplugins.repository.plugins.PluginSuggester.checkAndSuggest(PluginSuggester.java:28) ~[jmeter-plugins-manager-1.10.jar:?]
	at org.jmeterplugins.repository.logging.LoggerAppender.append(LoggerAppender.java:33) ~[jmeter-plugins-manager-1.10.jar:?]
	at org.apache.logging.log4j.core.config.AppenderControl.tryCallAppender(AppenderControl.java:160) ~[log4j-core-2.22.1.jar:2.22.1]
	at org.apache.logging.log4j.core.config.AppenderControl.callAppender0(AppenderControl.java:133) ~[log4j-core-2.22.1.jar:2.22.1]
	at org.apache.logging.log4j.core.config.AppenderControl.callAppenderPreventRecursion(AppenderControl.java:124) ~[log4j-core-2.22.1.jar:2.22.1]
	at org.apache.logging.log4j.core.config.AppenderControl.callAppender(AppenderControl.java:88) ~[log4j-core-2.22.1.jar:2.22.1]
	at org.apache.logging.log4j.core.config.LoggerConfig.callAppenders(LoggerConfig.java:705) ~[log4j-core-2.22.1.jar:2.22.1]
	at org.apache.logging.log4j.core.config.LoggerConfig.processLogEvent(LoggerConfig.java:663) ~[log4j-core-2.22.1.jar:2.22.1]
	at org.apache.logging.log4j.core.config.LoggerConfig.log(LoggerConfig.java:639) ~[log4j-core-2.22.1.jar:2.22.1]
	at org.apache.logging.log4j.core.config.LoggerConfig.log(LoggerConfig.java:575) ~[log4j-core-2.22.1.jar:2.22.1]
	at org.apache.logging.log4j.core.config.AwaitCompletionReliabilityStrategy.log(AwaitCompletionReliabilityStrategy.java:92) ~[log4j-core-2.22.1.jar:2.22.1]
	at org.apache.logging.log4j.core.Logger.log(Logger.java:169) ~[log4j-core-2.22.1.jar:2.22.1]
	at org.apache.logging.log4j.spi.AbstractLogger.tryLogMessage(AbstractLogger.java:2933) ~[log4j-api-2.22.1.jar:2.22.1]
	at org.apache.logging.log4j.spi.AbstractLogger.logMessageTrackRecursion(AbstractLogger.java:2886) ~[log4j-api-2.22.1.jar:2.22.1]
	at org.apache.logging.log4j.spi.AbstractLogger.logMessageSafely(AbstractLogger.java:2868) ~[log4j-api-2.22.1.jar:2.22.1]
	at org.apache.logging.log4j.spi.AbstractLogger.logMessage(AbstractLogger.java:2664) ~[log4j-api-2.22.1.jar:2.22.1]
	at org.apache.logging.log4j.spi.AbstractLogger.logIfEnabled(AbstractLogger.java:2429) ~[log4j-api-2.22.1.jar:2.22.1]
	at org.apache.logging.slf4j.Log4jLogger.info(Log4jLogger.java:184) ~[log4j-slf4j-impl-2.22.1.jar:2.22.1]
	at org.apache.jmeter.save.SaveService.loadTree(SaveService.java:425) ~[ApacheJMeter_core.jar:5.6.3]
	at org.apache.jmeter.gui.action.Load.loadProjectFile(Load.java:131) ~[ApacheJMeter_core.jar:5.6.3]
	at org.apache.jmeter.gui.action.Load.loadProjectFile(Load.java:103) ~[ApacheJMeter_core.jar:5.6.3]
	at org.apache.jmeter.gui.action.LoadRecentProject.doActionAfterCheck(LoadRecentProject.java:74) ~[ApacheJMeter_core.jar:5.6.3]
	at org.apache.jmeter.gui.action.AbstractActionWithNoRunningTest.doAction(AbstractActionWithNoRunningTest.java:44) ~[ApacheJMeter_core.jar:5.6.3]
	at org.apache.jmeter.gui.action.ActionRouter.performAction(ActionRouter.java:83) ~[ApacheJMeter_core.jar:5.6.3]
	at org.apache.jmeter.gui.action.ActionRouter.lambda$actionPerformed$0(ActionRouter.java:65) ~[ApacheJMeter_core.jar:5.6.3]
	at java.desktop/java.awt.event.InvocationEvent.dispatch(InvocationEvent.java:318) ~[?:?]
	at java.desktop/java.awt.EventQueue.dispatchEventImpl(EventQueue.java:773) ~[?:?]
	at java.desktop/java.awt.EventQueue$4.run(EventQueue.java:720) ~[?:?]
	at java.desktop/java.awt.EventQueue$4.run(EventQueue.java:714) ~[?:?]
	at java.base/java.security.AccessController.doPrivileged(AccessController.java:400) [?:?]
	at java.base/java.security.ProtectionDomain$JavaSecurityAccessImpl.doIntersectionPrivilege(ProtectionDomain.java:87) [?:?]
	at java.desktop/java.awt.EventQueue.dispatchEvent(EventQueue.java:742) [?:?]
	at java.desktop/java.awt.EventDispatchThread.pumpOneEventForFilters(EventDispatchThread.java:203) [?:?]
	at java.desktop/java.awt.EventDispatchThread.pumpEventsForFilter(EventDispatchThread.java:124) [?:?]
	at java.desktop/java.awt.EventDispatchThread.pumpEventsForHierarchy(EventDispatchThread.java:113) [?:?]
	at java.desktop/java.awt.EventDispatchThread.pumpEvents(EventDispatchThread.java:109) [?:?]
	at java.desktop/java.awt.EventDispatchThread.pumpEvents(EventDispatchThread.java:101) [?:?]
	at java.desktop/java.awt.EventDispatchThread.run(EventDispatchThread.java:90) [?:?]
2024-06-11 19:26:53,853 WARN o.a.j.g.a.Load: Error reading file. java.io.FileNotFoundException: C:\Users\SwatantraKSrivastava\OneDrive - Advatix\Desktop\load_testing\acs-2\outbound\outbound.jmx (The system cannot find the file specified)
2024-06-11 19:26:53,853 ERROR o.a.j.u.JMeterUtils: C:\Users\SwatantraKSrivastava\OneDrive - Advatix\Desktop\load_testing\acs-2\outbound\outbound.jmx (The system cannot find the file specified)
2024-06-11 19:27:09,271 INFO o.a.j.g.a.Load: Loading file: C:\Users\SwatantraKSrivastava\OneDrive - Advatix\Desktop\load_testing\load_testing1\acs-2\outbound\outbound.jmx
2024-06-11 19:27:09,271 INFO o.a.j.s.FileServer: Set new base='C:\Users\SwatantraKSrivastava\OneDrive - Advatix\Desktop\load_testing\load_testing1\acs-2\outbound'
2024-06-11 19:27:09,271 INFO o.a.j.s.SaveService: Loading file: C:\Users\SwatantraKSrivastava\OneDrive - Advatix\Desktop\load_testing\load_testing1\acs-2\outbound\outbound.jmx
2024-06-11 19:27:09,500 INFO o.a.j.p.h.s.HTTPSamplerBase: Parser for text/html is org.apache.jmeter.protocol.http.parser.LagartoBasedHtmlParser
2024-06-11 19:27:09,500 INFO o.a.j.p.h.s.HTTPSamplerBase: Parser for application/xhtml+xml is org.apache.jmeter.protocol.http.parser.LagartoBasedHtmlParser
2024-06-11 19:27:09,500 INFO o.a.j.p.h.s.HTTPSamplerBase: Parser for application/xml is org.apache.jmeter.protocol.http.parser.LagartoBasedHtmlParser
2024-06-11 19:27:09,500 INFO o.a.j.p.h.s.HTTPSamplerBase: Parser for text/xml is org.apache.jmeter.protocol.http.parser.LagartoBasedHtmlParser
2024-06-11 19:27:09,500 INFO o.a.j.p.h.s.HTTPSamplerBase: Parser for text/vnd.wap.wml is org.apache.jmeter.protocol.http.parser.RegexpHTMLParser
2024-06-11 19:27:09,500 INFO o.a.j.p.h.s.HTTPSamplerBase: Parser for text/css is org.apache.jmeter.protocol.http.parser.CssParser
2024-06-11 19:27:10,207 INFO o.a.j.s.SampleResult: Note: Sample TimeStamps are START times
2024-06-11 19:27:10,207 INFO o.a.j.s.SampleResult: sampleresult.default.encoding is set to UTF-8
2024-06-11 19:27:10,212 INFO o.a.j.s.SampleResult: sampleresult.useNanoTime=true
2024-06-11 19:27:10,212 INFO o.a.j.s.SampleResult: sampleresult.nanoThreadSleep=5000
2024-06-11 19:27:10,376 INFO o.a.j.r.ClassFinder: Will scan jar C:\Users\SwatantraKSrivastava\OneDrive - Advatix\Desktop\load_testing\load_testing1\apache-jmeter-5.6.3\lib\ext\jmeter-plugins-mergeresults-2.1.jar with filter ExtendsClassFilter [parents=[interface org.apache.jmeter.visualizers.ResultRenderer], inner=false, contains=null, notContains=null]. Consider exposing JMeter plugins via META-INF/services, and add JMeter-Skip-Class-Scanning=true manifest attribute so JMeter can skip classfile scanning
2024-06-11 19:27:10,384 INFO o.a.j.r.ClassFinder: Will scan jar C:\Users\SwatantraKSrivastava\OneDrive - Advatix\Desktop\load_testing\load_testing1\apache-jmeter-5.6.3\lib\ext\jmeter-plugins-perfmon-2.1.jar with filter ExtendsClassFilter [parents=[interface org.apache.jmeter.visualizers.ResultRenderer], inner=false, contains=null, notContains=null]. Consider exposing JMeter plugins via META-INF/services, and add JMeter-Skip-Class-Scanning=true manifest attribute so JMeter can skip classfile scanning
2024-06-11 19:27:10,384 INFO o.a.j.r.ClassFinder: Will scan jar C:\Users\SwatantraKSrivastava\OneDrive - Advatix\Desktop\load_testing\load_testing1\apache-jmeter-5.6.3\lib\ext\perfmon-2.2.2.jar with filter ExtendsClassFilter [parents=[interface org.apache.jmeter.visualizers.ResultRenderer], inner=false, contains=null, notContains=null]. Consider exposing JMeter plugins via META-INF/services, and add JMeter-Skip-Class-Scanning=true manifest attribute so JMeter can skip classfile scanning
2024-06-11 19:27:10,384 INFO o.a.j.r.ClassFinder: Will scan jar C:\Users\SwatantraKSrivastava\OneDrive - Advatix\Desktop\load_testing\load_testing1\apache-jmeter-5.6.3\lib\ext\jmeter-plugins-cmn-jmeter-0.7.jar with filter ExtendsClassFilter [parents=[interface org.apache.jmeter.visualizers.ResultRenderer], inner=false, contains=null, notContains=null]. Consider exposing JMeter plugins via META-INF/services, and add JMeter-Skip-Class-Scanning=true manifest attribute so JMeter can skip classfile scanning
2024-06-11 19:27:10,393 INFO o.a.j.r.ClassFinder: Will scan jar C:\Users\SwatantraKSrivastava\OneDrive - Advatix\Desktop\load_testing\load_testing1\apache-jmeter-5.6.3\lib\ext\json-lib-2.4-jdk15.jar with filter ExtendsClassFilter [parents=[interface org.apache.jmeter.visualizers.ResultRenderer], inner=false, contains=null, notContains=null]. Consider exposing JMeter plugins via META-INF/services, and add JMeter-Skip-Class-Scanning=true manifest attribute so JMeter can skip classfile scanning
2024-06-11 19:27:10,393 INFO o.a.j.r.ClassFinder: Will scan jar C:\Users\SwatantraKSrivastava\OneDrive - Advatix\Desktop\load_testing\load_testing1\apache-jmeter-5.6.3\lib\ext\jmeter-plugins-manager-1.10.jar with filter ExtendsClassFilter [parents=[interface org.apache.jmeter.visualizers.ResultRenderer], inner=false, contains=null, notContains=null]. Consider exposing JMeter plugins via META-INF/services, and add JMeter-Skip-Class-Scanning=true manifest attribute so JMeter can skip classfile scanning
2024-06-11 19:27:10,401 INFO o.a.j.r.ClassFinder: Will scan jar C:\Users\SwatantraKSrivastava\OneDrive - Advatix\Desktop\load_testing\load_testing1\apache-jmeter-5.6.3\lib\ext\cmdrunner-2.3.jar with filter ExtendsClassFilter [parents=[interface org.apache.jmeter.visualizers.ResultRenderer], inner=false, contains=null, notContains=null]. Consider exposing JMeter plugins via META-INF/services, and add JMeter-Skip-Class-Scanning=true manifest attribute so JMeter can skip classfile scanning
2024-06-11 19:27:10,442 INFO o.a.j.r.ClassFinder: Will scan jar C:\Users\SwatantraKSrivastava\OneDrive - Advatix\Desktop\load_testing\load_testing1\apache-jmeter-5.6.3\lib\ext\jmeter-plugins-mergeresults-2.1.jar with filter ExtendsClassFilter [parents=[interface org.apache.jmeter.visualizers.RequestView], inner=false, contains=null, notContains=null]. Consider exposing JMeter plugins via META-INF/services, and add JMeter-Skip-Class-Scanning=true manifest attribute so JMeter can skip classfile scanning
2024-06-11 19:27:10,442 INFO o.a.j.r.ClassFinder: Will scan jar C:\Users\SwatantraKSrivastava\OneDrive - Advatix\Desktop\load_testing\load_testing1\apache-jmeter-5.6.3\lib\ext\jmeter-plugins-perfmon-2.1.jar with filter ExtendsClassFilter [parents=[interface org.apache.jmeter.visualizers.RequestView], inner=false, contains=null, notContains=null]. Consider exposing JMeter plugins via META-INF/services, and add JMeter-Skip-Class-Scanning=true manifest attribute so JMeter can skip classfile scanning
2024-06-11 19:27:10,442 INFO o.a.j.r.ClassFinder: Will scan jar C:\Users\SwatantraKSrivastava\OneDrive - Advatix\Desktop\load_testing\load_testing1\apache-jmeter-5.6.3\lib\ext\perfmon-2.2.2.jar with filter ExtendsClassFilter [parents=[interface org.apache.jmeter.visualizers.RequestView], inner=false, contains=null, notContains=null]. Consider exposing JMeter plugins via META-INF/services, and add JMeter-Skip-Class-Scanning=true manifest attribute so JMeter can skip classfile scanning
2024-06-11 19:27:10,450 INFO o.a.j.r.ClassFinder: Will scan jar C:\Users\SwatantraKSrivastava\OneDrive - Advatix\Desktop\load_testing\load_testing1\apache-jmeter-5.6.3\lib\ext\jmeter-plugins-cmn-jmeter-0.7.jar with filter ExtendsClassFilter [parents=[interface org.apache.jmeter.visualizers.RequestView], inner=false, contains=null, notContains=null]. Consider exposing JMeter plugins via META-INF/services, and add JMeter-Skip-Class-Scanning=true manifest attribute so JMeter can skip classfile scanning
2024-06-11 19:27:10,450 INFO o.a.j.r.ClassFinder: Will scan jar C:\Users\SwatantraKSrivastava\OneDrive - Advatix\Desktop\load_testing\load_testing1\apache-jmeter-5.6.3\lib\ext\json-lib-2.4-jdk15.jar with filter ExtendsClassFilter [parents=[interface org.apache.jmeter.visualizers.RequestView], inner=false, contains=null, notContains=null]. Consider exposing JMeter plugins via META-INF/services, and add JMeter-Skip-Class-Scanning=true manifest attribute so JMeter can skip classfile scanning
2024-06-11 19:27:10,450 INFO o.a.j.r.ClassFinder: Will scan jar C:\Users\SwatantraKSrivastava\OneDrive - Advatix\Desktop\load_testing\load_testing1\apache-jmeter-5.6.3\lib\ext\jmeter-plugins-manager-1.10.jar with filter ExtendsClassFilter [parents=[interface org.apache.jmeter.visualizers.RequestView], inner=false, contains=null, notContains=null]. Consider exposing JMeter plugins via META-INF/services, and add JMeter-Skip-Class-Scanning=true manifest attribute so JMeter can skip classfile scanning
2024-06-11 19:27:10,450 INFO o.a.j.r.ClassFinder: Will scan jar C:\Users\SwatantraKSrivastava\OneDrive - Advatix\Desktop\load_testing\load_testing1\apache-jmeter-5.6.3\lib\ext\cmdrunner-2.3.jar with filter ExtendsClassFilter [parents=[interface org.apache.jmeter.visualizers.RequestView], inner=false, contains=null, notContains=null]. Consider exposing JMeter plugins via META-INF/services, and add JMeter-Skip-Class-Scanning=true manifest attribute so JMeter can skip classfile scanning
2024-06-11 19:27:10,547 INFO o.a.j.s.FileServer: Set new base='C:\Users\SwatantraKSrivastava\OneDrive - Advatix\Desktop\load_testing\load_testing1\acs-2\outbound'
2024-06-11 19:27:42,216 INFO o.a.j.e.StandardJMeterEngine: Running the test!
2024-06-11 19:27:42,216 INFO o.a.j.s.SampleEvent: List of sample_variables: []
2024-06-11 19:27:42,216 INFO o.a.j.s.SampleEvent: List of sample_variables: []
2024-06-11 19:27:42,225 INFO o.a.j.e.u.CompoundVariable: Note: Function class names must contain the string: '.functions.'
2024-06-11 19:27:42,225 INFO o.a.j.e.u.CompoundVariable: Note: Function class names must not contain the string: '.gui.'
2024-06-11 19:27:42,281 INFO o.a.j.r.ClassFinder: Will scan jar C:\Users\SwatantraKSrivastava\OneDrive - Advatix\Desktop\load_testing\load_testing1\apache-jmeter-5.6.3\lib\ext\jmeter-plugins-mergeresults-2.1.jar with filter ExtendsClassFilter [parents=[interface org.apache.jmeter.functions.Function], inner=false, contains=null, notContains=null]. Consider exposing JMeter plugins via META-INF/services, and add JMeter-Skip-Class-Scanning=true manifest attribute so JMeter can skip classfile scanning
2024-06-11 19:27:42,288 INFO o.a.j.r.ClassFinder: Will scan jar C:\Users\SwatantraKSrivastava\OneDrive - Advatix\Desktop\load_testing\load_testing1\apache-jmeter-5.6.3\lib\ext\jmeter-plugins-perfmon-2.1.jar with filter ExtendsClassFilter [parents=[interface org.apache.jmeter.functions.Function], inner=false, contains=null, notContains=null]. Consider exposing JMeter plugins via META-INF/services, and add JMeter-Skip-Class-Scanning=true manifest attribute so JMeter can skip classfile scanning
2024-06-11 19:27:42,288 INFO o.a.j.r.ClassFinder: Will scan jar C:\Users\SwatantraKSrivastava\OneDrive - Advatix\Desktop\load_testing\load_testing1\apache-jmeter-5.6.3\lib\ext\perfmon-2.2.2.jar with filter ExtendsClassFilter [parents=[interface org.apache.jmeter.functions.Function], inner=false, contains=null, notContains=null]. Consider exposing JMeter plugins via META-INF/services, and add JMeter-Skip-Class-Scanning=true manifest attribute so JMeter can skip classfile scanning
2024-06-11 19:27:42,288 INFO o.a.j.r.ClassFinder: Will scan jar C:\Users\SwatantraKSrivastava\OneDrive - Advatix\Desktop\load_testing\load_testing1\apache-jmeter-5.6.3\lib\ext\jmeter-plugins-cmn-jmeter-0.7.jar with filter ExtendsClassFilter [parents=[interface org.apache.jmeter.functions.Function], inner=false, contains=null, notContains=null]. Consider exposing JMeter plugins via META-INF/services, and add JMeter-Skip-Class-Scanning=true manifest attribute so JMeter can skip classfile scanning
2024-06-11 19:27:42,292 INFO o.a.j.r.ClassFinder: Will scan jar C:\Users\SwatantraKSrivastava\OneDrive - Advatix\Desktop\load_testing\load_testing1\apache-jmeter-5.6.3\lib\ext\json-lib-2.4-jdk15.jar with filter ExtendsClassFilter [parents=[interface org.apache.jmeter.functions.Function], inner=false, contains=null, notContains=null]. Consider exposing JMeter plugins via META-INF/services, and add JMeter-Skip-Class-Scanning=true manifest attribute so JMeter can skip classfile scanning
2024-06-11 19:27:42,293 INFO o.a.j.r.ClassFinder: Will scan jar C:\Users\SwatantraKSrivastava\OneDrive - Advatix\Desktop\load_testing\load_testing1\apache-jmeter-5.6.3\lib\ext\jmeter-plugins-manager-1.10.jar with filter ExtendsClassFilter [parents=[interface org.apache.jmeter.functions.Function], inner=false, contains=null, notContains=null]. Consider exposing JMeter plugins via META-INF/services, and add JMeter-Skip-Class-Scanning=true manifest attribute so JMeter can skip classfile scanning
2024-06-11 19:27:42,297 INFO o.a.j.r.ClassFinder: Will scan jar C:\Users\SwatantraKSrivastava\OneDrive - Advatix\Desktop\load_testing\load_testing1\apache-jmeter-5.6.3\lib\ext\cmdrunner-2.3.jar with filter ExtendsClassFilter [parents=[interface org.apache.jmeter.functions.Function], inner=false, contains=null, notContains=null]. Consider exposing JMeter plugins via META-INF/services, and add JMeter-Skip-Class-Scanning=true manifest attribute so JMeter can skip classfile scanning
2024-06-11 19:27:42,325 INFO o.a.j.g.u.JMeterMenuBar: setRunning(true, *local*)
2024-06-11 19:27:42,385 INFO o.a.j.e.StandardJMeterEngine: Starting ThreadGroup: 1 : thread_login
2024-06-11 19:27:42,385 INFO o.a.j.e.StandardJMeterEngine: Starting 1 threads for group thread_login.
2024-06-11 19:27:42,385 INFO o.a.j.e.StandardJMeterEngine: Thread will continue on error
2024-06-11 19:27:42,385 INFO o.a.j.t.ThreadGroup: Starting thread group... number=1 threads=1 ramp-up=1 delayedStart=false
2024-06-11 19:27:42,385 INFO o.a.j.t.ThreadGroup: Started thread group number 1
2024-06-11 19:27:42,393 INFO o.a.j.e.StandardJMeterEngine: Waiting for thread group: thread_login to finish before starting next group
2024-06-11 19:27:42,394 INFO o.a.j.t.JMeterThread: Thread started: thread_login 1-1
2024-06-11 19:27:42,402 INFO o.a.j.p.h.s.HTTPHCAbstractImpl: Local host = INGRLT000529
2024-06-11 19:27:42,410 INFO o.a.j.p.h.s.HTTPHC4Impl: HTTP request retry count = 0
2024-06-11 19:27:42,510 INFO o.a.j.p.h.s.h.LazyLayeredConnectionSocketFactory: Setting up HTTPS TrustAll Socket Factory
2024-06-11 19:27:42,510 INFO o.a.j.u.JsseSSLManager: Using default SSL protocol: TLS
2024-06-11 19:27:42,510 INFO o.a.j.u.JsseSSLManager: SSL session context: per-thread
2024-06-11 19:27:42,893 INFO o.a.j.u.SSLManager: JmeterKeyStore Location:  type JKS
2024-06-11 19:27:42,893 INFO o.a.j.u.SSLManager: KeyStore created OK
2024-06-11 19:27:42,893 WARN o.a.j.u.SSLManager: Keystore file not found, loading empty keystore
2024-06-11 19:27:44,692 INFO o.a.j.t.JMeterThread: Thread is done: thread_login 1-1
2024-06-11 19:27:44,692 INFO o.a.j.t.JMeterThread: Thread finished: thread_login 1-1
2024-06-11 19:27:44,692 INFO o.a.j.e.StandardJMeterEngine: Starting ThreadGroup: 2 : thread_outbound
2024-06-11 19:27:44,692 INFO o.a.j.e.StandardJMeterEngine: Starting 100 threads for group thread_outbound.
2024-06-11 19:27:44,692 INFO o.a.j.e.StandardJMeterEngine: Thread will continue on error
2024-06-11 19:27:44,692 INFO o.a.j.t.ThreadGroup: Starting thread group... number=2 threads=100 ramp-up=1 delayedStart=false
2024-06-11 19:27:44,700 INFO o.a.j.t.JMeterThread: Thread started: thread_outbound 2-1
2024-06-11 19:27:44,725 INFO o.a.j.t.JMeterThread: Thread started: thread_outbound 2-2
2024-06-11 19:27:44,743 INFO o.a.j.t.JMeterThread: Thread started: thread_outbound 2-3
2024-06-11 19:27:44,764 INFO o.a.j.t.JMeterThread: Thread started: thread_outbound 2-4
2024-06-11 19:27:44,772 INFO o.a.j.t.JMeterThread: Thread started: thread_outbound 2-5
2024-06-11 19:27:44,783 INFO o.a.j.t.JMeterThread: Thread started: thread_outbound 2-6
2024-06-11 19:27:44,815 INFO o.a.j.t.JMeterThread: Thread started: thread_outbound 2-9
2024-06-11 19:27:44,828 INFO o.a.j.t.JMeterThread: Thread started: thread_outbound 2-7
2024-06-11 19:27:44,831 INFO o.a.j.t.JMeterThread: Thread started: thread_outbound 2-10
2024-06-11 19:27:44,831 INFO o.a.j.t.JMeterThread: Thread started: thread_outbound 2-8
2024-06-11 19:27:44,853 INFO o.a.j.t.JMeterThread: Thread started: thread_outbound 2-12
2024-06-11 19:27:44,852 INFO o.a.j.t.JMeterThread: Thread started: thread_outbound 2-11
2024-06-11 19:27:44,864 INFO o.a.j.t.JMeterThread: Thread started: thread_outbound 2-13
2024-06-11 19:27:44,878 INFO o.a.j.t.JMeterThread: Thread started: thread_outbound 2-14
2024-06-11 19:27:44,912 INFO o.a.j.t.JMeterThread: Thread started: thread_outbound 2-16
2024-06-11 19:27:44,914 INFO o.a.j.t.JMeterThread: Thread started: thread_outbound 2-17
2024-06-11 19:27:44,955 INFO o.a.j.t.JMeterThread: Thread started: thread_outbound 2-21
2024-06-11 19:27:44,965 INFO o.a.j.t.JMeterThread: Thread started: thread_outbound 2-15
2024-06-11 19:27:44,970 INFO o.a.j.t.JMeterThread: Thread started: thread_outbound 2-22
2024-06-11 19:27:44,964 INFO o.a.j.t.JMeterThread: Thread started: thread_outbound 2-20
2024-06-11 19:27:45,011 INFO o.a.j.t.JMeterThread: Thread started: thread_outbound 2-18
2024-06-11 19:27:45,028 INFO o.a.j.t.JMeterThread: Thread started: thread_outbound 2-25
2024-06-11 19:27:45,047 INFO o.a.j.t.JMeterThread: Thread started: thread_outbound 2-19
2024-06-11 19:27:45,068 INFO o.a.j.t.JMeterThread: Thread started: thread_outbound 2-28
2024-06-11 19:27:45,086 INFO o.a.j.t.JMeterThread: Thread started: thread_outbound 2-30
2024-06-11 19:27:45,096 INFO o.a.j.t.JMeterThread: Thread started: thread_outbound 2-24
2024-06-11 19:27:45,096 INFO o.a.j.t.JMeterThread: Thread started: thread_outbound 2-31
2024-06-11 19:27:45,108 INFO o.a.j.t.JMeterThread: Thread started: thread_outbound 2-32
2024-06-11 19:27:45,135 INFO o.a.j.t.JMeterThread: Thread started: thread_outbound 2-23
2024-06-11 19:27:45,143 INFO o.a.j.t.JMeterThread: Thread started: thread_outbound 2-29
2024-06-11 19:27:45,165 INFO o.a.j.t.JMeterThread: Thread started: thread_outbound 2-36
2024-06-11 19:27:45,176 INFO o.a.j.t.JMeterThread: Thread started: thread_outbound 2-26
2024-06-11 19:27:45,231 INFO o.a.j.t.JMeterThread: Thread started: thread_outbound 2-40
2024-06-11 19:27:45,231 INFO o.a.j.t.JMeterThread: Thread started: thread_outbound 2-33
2024-06-11 19:27:45,233 INFO o.a.j.t.JMeterThread: Thread started: thread_outbound 2-37
2024-06-11 19:27:45,236 INFO o.a.j.t.JMeterThread: Thread started: thread_outbound 2-27
2024-06-11 19:27:45,261 INFO o.a.j.t.JMeterThread: Thread started: thread_outbound 2-43
2024-06-11 19:27:45,289 INFO o.a.j.t.JMeterThread: Thread started: thread_outbound 2-35
2024-06-11 19:27:45,294 INFO o.a.j.t.JMeterThread: Thread started: thread_outbound 2-41
2024-06-11 19:27:45,341 INFO o.a.j.t.JMeterThread: Thread started: thread_outbound 2-48
2024-06-11 19:27:45,351 INFO o.a.j.t.JMeterThread: Thread started: thread_outbound 2-44
2024-06-11 19:27:45,365 INFO o.a.j.t.JMeterThread: Thread started: thread_outbound 2-38
2024-06-11 19:27:45,375 INFO o.a.j.t.JMeterThread: Thread started: thread_outbound 2-50
2024-06-11 19:27:45,406 INFO o.a.j.t.JMeterThread: Thread started: thread_outbound 2-49
2024-06-11 19:27:45,406 INFO o.a.j.t.JMeterThread: Thread started: thread_outbound 2-45
2024-06-11 19:27:45,406 INFO o.a.j.t.JMeterThread: Thread started: thread_outbound 2-34
2024-06-11 19:27:45,418 INFO o.a.j.t.JMeterThread: Thread started: thread_outbound 2-42
2024-06-11 19:27:45,430 INFO o.a.j.t.JMeterThread: Thread started: thread_outbound 2-39
2024-06-11 19:27:45,438 INFO o.a.j.t.JMeterThread: Thread started: thread_outbound 2-46
2024-06-11 19:27:45,446 INFO o.a.j.t.JMeterThread: Thread started: thread_outbound 2-47
2024-06-11 19:27:45,544 INFO o.a.j.t.JMeterThread: Thread started: thread_outbound 2-52
2024-06-11 19:27:45,587 INFO o.a.j.t.JMeterThread: Thread started: thread_outbound 2-51
2024-06-11 19:27:45,596 INFO o.a.j.t.JMeterThread: Thread started: thread_outbound 2-53
2024-06-11 19:27:45,658 INFO o.a.j.t.JMeterThread: Thread started: thread_outbound 2-54
2024-06-11 19:27:45,695 INFO o.a.j.t.JMeterThread: Thread started: thread_outbound 2-55
2024-06-11 19:27:45,731 INFO o.a.j.t.JMeterThread: Thread started: thread_outbound 2-56
2024-06-11 19:27:45,773 INFO o.a.j.t.JMeterThread: Thread started: thread_outbound 2-57
2024-06-11 19:27:45,788 INFO o.a.j.t.JMeterThread: Thread started: thread_outbound 2-58
2024-06-11 19:27:45,801 INFO o.a.j.t.JMeterThread: Thread started: thread_outbound 2-59
2024-06-11 19:27:45,817 INFO o.a.j.t.JMeterThread: Thread started: thread_outbound 2-60
2024-06-11 19:27:45,837 INFO o.a.j.t.JMeterThread: Thread started: thread_outbound 2-61
2024-06-11 19:27:45,861 INFO o.a.j.t.JMeterThread: Thread started: thread_outbound 2-62
2024-06-11 19:27:45,869 INFO o.a.j.t.JMeterThread: Thread started: thread_outbound 2-63
2024-06-11 19:27:45,879 INFO o.a.j.t.JMeterThread: Thread started: thread_outbound 2-64
2024-06-11 19:27:45,979 INFO o.a.j.t.JMeterThread: Thread started: thread_outbound 2-65
2024-06-11 19:27:45,999 INFO o.a.j.t.JMeterThread: Thread started: thread_outbound 2-67
2024-06-11 19:27:45,999 INFO o.a.j.t.JMeterThread: Thread started: thread_outbound 2-66
2024-06-11 19:27:46,031 INFO o.a.j.t.JMeterThread: Thread started: thread_outbound 2-68
2024-06-11 19:27:46,038 INFO o.a.j.t.JMeterThread: Thread started: thread_outbound 2-69
2024-06-11 19:27:46,075 INFO o.a.j.t.JMeterThread: Thread started: thread_outbound 2-72
2024-06-11 19:27:46,084 INFO o.a.j.t.JMeterThread: Thread started: thread_outbound 2-73
2024-06-11 19:27:46,118 INFO o.a.j.t.JMeterThread: Thread started: thread_outbound 2-76
2024-06-11 19:27:46,138 INFO o.a.j.t.JMeterThread: Thread started: thread_outbound 2-78
2024-06-11 19:27:46,140 INFO o.a.j.t.JMeterThread: Thread started: thread_outbound 2-70
2024-06-11 19:27:46,159 INFO o.a.j.t.JMeterThread: Thread started: thread_outbound 2-77
2024-06-11 19:27:46,180 INFO o.a.j.t.JMeterThread: Thread started: thread_outbound 2-71
2024-06-11 19:27:46,186 INFO o.a.j.t.JMeterThread: Thread started: thread_outbound 2-80
2024-06-11 19:27:46,217 INFO o.a.j.t.JMeterThread: Thread started: thread_outbound 2-83
2024-06-11 19:27:46,247 INFO o.a.j.t.JMeterThread: Thread started: thread_outbound 2-81
2024-06-11 19:27:46,254 INFO o.a.j.t.JMeterThread: Thread started: thread_outbound 2-86
2024-06-11 19:27:46,262 INFO o.a.j.t.JMeterThread: Thread started: thread_outbound 2-84
2024-06-11 19:27:46,306 INFO o.a.j.t.JMeterThread: Thread started: thread_outbound 2-88
2024-06-11 19:27:46,320 INFO o.a.j.t.JMeterThread: Thread started: thread_outbound 2-90
2024-06-11 19:27:46,327 INFO o.a.j.t.JMeterThread: Thread started: thread_outbound 2-85
2024-06-11 19:27:46,351 INFO o.a.j.t.JMeterThread: Thread started: thread_outbound 2-89
2024-06-11 19:27:46,369 INFO o.a.j.t.JMeterThread: Thread started: thread_outbound 2-92
2024-06-11 19:27:46,384 INFO o.a.j.t.JMeterThread: Thread started: thread_outbound 2-93
2024-06-11 19:27:46,398 INFO o.a.j.t.JMeterThread: Thread started: thread_outbound 2-96
2024-06-11 19:27:46,417 INFO o.a.j.t.JMeterThread: Thread started: thread_outbound 2-74
2024-06-11 19:27:46,418 INFO o.a.j.t.JMeterThread: Thread started: thread_outbound 2-75
2024-06-11 19:27:46,429 INFO o.a.j.t.JMeterThread: Thread started: thread_outbound 2-98
2024-06-11 19:27:46,449 INFO o.a.j.t.JMeterThread: Thread started: thread_outbound 2-97
2024-06-11 19:27:46,449 INFO o.a.j.t.ThreadGroup: Started thread group number 2
2024-06-11 19:27:46,449 INFO o.a.j.e.StandardJMeterEngine: All thread groups have been started
2024-06-11 19:27:46,449 INFO o.a.j.t.JMeterThread: Thread started: thread_outbound 2-100
2024-06-11 19:27:46,526 INFO o.a.j.t.JMeterThread: Thread started: thread_outbound 2-79
2024-06-11 19:27:46,528 INFO o.a.j.t.JMeterThread: Thread started: thread_outbound 2-82
2024-06-11 19:27:46,533 INFO o.a.j.t.JMeterThread: Thread started: thread_outbound 2-87
2024-06-11 19:27:46,539 INFO o.a.j.t.JMeterThread: Thread started: thread_outbound 2-91
2024-06-11 19:27:46,587 INFO o.a.j.t.JMeterThread: Thread started: thread_outbound 2-94
2024-06-11 19:27:46,588 INFO o.a.j.t.JMeterThread: Thread started: thread_outbound 2-95
2024-06-11 19:27:46,618 INFO o.a.j.t.JMeterThread: Thread started: thread_outbound 2-99
2024-06-11 19:27:48,322 INFO o.a.j.t.JMeterThread: Thread is done: thread_outbound 2-6
2024-06-11 19:27:48,323 INFO o.a.j.t.JMeterThread: Thread finished: thread_outbound 2-6
2024-06-11 19:27:48,440 INFO o.a.j.t.JMeterThread: Thread is done: thread_outbound 2-25
2024-06-11 19:27:48,442 INFO o.a.j.t.JMeterThread: Thread finished: thread_outbound 2-25
2024-06-11 19:27:49,034 INFO o.a.j.t.JMeterThread: Thread is done: thread_outbound 2-3
2024-06-11 19:27:49,034 INFO o.a.j.t.JMeterThread: Thread finished: thread_outbound 2-3
2024-06-11 19:27:49,139 INFO o.a.j.t.JMeterThread: Thread is done: thread_outbound 2-2
2024-06-11 19:27:49,140 INFO o.a.j.t.JMeterThread: Thread finished: thread_outbound 2-2
2024-06-11 19:27:49,703 INFO o.a.j.t.JMeterThread: Thread is done: thread_outbound 2-8
2024-06-11 19:27:49,703 INFO o.a.j.t.JMeterThread: Thread finished: thread_outbound 2-8
2024-06-11 19:27:50,019 INFO o.a.j.t.JMeterThread: Thread is done: thread_outbound 2-33
2024-06-11 19:27:50,021 INFO o.a.j.t.JMeterThread: Thread finished: thread_outbound 2-33
2024-06-11 19:27:50,252 INFO o.a.j.t.JMeterThread: Thread is done: thread_outbound 2-7
2024-06-11 19:27:50,252 INFO o.a.j.t.JMeterThread: Thread finished: thread_outbound 2-7
2024-06-11 19:27:50,463 INFO o.a.j.t.JMeterThread: Thread is done: thread_outbound 2-43
2024-06-11 19:27:50,468 INFO o.a.j.t.JMeterThread: Thread finished: thread_outbound 2-43
2024-06-11 19:27:50,960 INFO o.a.j.t.JMeterThread: Thread is done: thread_outbound 2-28
2024-06-11 19:27:50,960 INFO o.a.j.t.JMeterThread: Thread finished: thread_outbound 2-28
2024-06-11 19:27:51,218 INFO o.a.j.t.JMeterThread: Thread is done: thread_outbound 2-5
2024-06-11 19:27:51,218 INFO o.a.j.t.JMeterThread: Thread finished: thread_outbound 2-5
2024-06-11 19:27:51,532 INFO o.a.j.t.JMeterThread: Thread is done: thread_outbound 2-29
2024-06-11 19:27:51,532 INFO o.a.j.t.JMeterThread: Thread finished: thread_outbound 2-29
2024-06-11 19:27:51,901 INFO o.a.j.t.JMeterThread: Thread is done: thread_outbound 2-21
2024-06-11 19:27:51,901 INFO o.a.j.t.JMeterThread: Thread finished: thread_outbound 2-21
2024-06-11 19:27:52,207 INFO o.a.j.t.JMeterThread: Thread is done: thread_outbound 2-14
2024-06-11 19:27:52,207 INFO o.a.j.t.JMeterThread: Thread finished: thread_outbound 2-14
2024-06-11 19:27:52,526 INFO o.a.j.t.JMeterThread: Thread is done: thread_outbound 2-16
2024-06-11 19:27:52,526 INFO o.a.j.t.JMeterThread: Thread finished: thread_outbound 2-16
2024-06-11 19:27:52,848 INFO o.a.j.t.JMeterThread: Thread is done: thread_outbound 2-15
2024-06-11 19:27:52,849 INFO o.a.j.t.JMeterThread: Thread finished: thread_outbound 2-15
2024-06-11 19:27:53,143 INFO o.a.j.t.JMeterThread: Thread is done: thread_outbound 2-1
2024-06-11 19:27:53,143 INFO o.a.j.t.JMeterThread: Thread finished: thread_outbound 2-1
2024-06-11 19:27:53,462 INFO o.a.j.t.JMeterThread: Thread is done: thread_outbound 2-17
2024-06-11 19:27:53,462 INFO o.a.j.t.JMeterThread: Thread finished: thread_outbound 2-17
2024-06-11 19:27:53,745 INFO o.a.j.t.JMeterThread: Thread is done: thread_outbound 2-38
2024-06-11 19:27:53,745 INFO o.a.j.t.JMeterThread: Thread finished: thread_outbound 2-38
2024-06-11 19:27:54,078 INFO o.a.j.t.JMeterThread: Thread is done: thread_outbound 2-55
2024-06-11 19:27:54,078 INFO o.a.j.t.JMeterThread: Thread finished: thread_outbound 2-55
2024-06-11 19:27:54,274 INFO o.a.j.t.JMeterThread: Thread is done: thread_outbound 2-46
2024-06-11 19:27:54,274 INFO o.a.j.t.JMeterThread: Thread finished: thread_outbound 2-46
2024-06-11 19:27:54,544 INFO o.a.j.t.JMeterThread: Thread is done: thread_outbound 2-58
2024-06-11 19:27:54,544 INFO o.a.j.t.JMeterThread: Thread finished: thread_outbound 2-58
2024-06-11 19:27:54,767 INFO o.a.j.t.JMeterThread: Thread is done: thread_outbound 2-24
2024-06-11 19:27:54,767 INFO o.a.j.t.JMeterThread: Thread finished: thread_outbound 2-24
2024-06-11 19:27:55,094 INFO o.a.j.t.JMeterThread: Thread is done: thread_outbound 2-70
2024-06-11 19:27:55,094 INFO o.a.j.t.JMeterThread: Thread finished: thread_outbound 2-70
2024-06-11 19:27:55,190 INFO o.a.j.t.JMeterThread: Thread is done: thread_outbound 2-71
2024-06-11 19:27:55,191 INFO o.a.j.t.JMeterThread: Thread finished: thread_outbound 2-71
2024-06-11 19:27:55,594 INFO o.a.j.t.JMeterThread: Thread is done: thread_outbound 2-88
2024-06-11 19:27:55,594 INFO o.a.j.t.JMeterThread: Thread finished: thread_outbound 2-88
2024-06-11 19:27:55,949 INFO o.a.j.t.JMeterThread: Thread is done: thread_outbound 2-19
2024-06-11 19:27:55,949 INFO o.a.j.t.JMeterThread: Thread finished: thread_outbound 2-19
2024-06-11 19:27:56,070 INFO o.a.j.t.JMeterThread: Thread is done: thread_outbound 2-27
2024-06-11 19:27:56,070 INFO o.a.j.t.JMeterThread: Thread finished: thread_outbound 2-27
2024-06-11 19:27:56,327 INFO o.a.j.t.JMeterThread: Thread is done: thread_outbound 2-61
2024-06-11 19:27:56,327 INFO o.a.j.t.JMeterThread: Thread finished: thread_outbound 2-61
2024-06-11 19:27:56,614 INFO o.a.j.t.JMeterThread: Thread is done: thread_outbound 2-79
2024-06-11 19:27:56,614 INFO o.a.j.t.JMeterThread: Thread finished: thread_outbound 2-79
2024-06-11 19:27:56,859 INFO o.a.j.t.JMeterThread: Thread is done: thread_outbound 2-66
2024-06-11 19:27:56,860 INFO o.a.j.t.JMeterThread: Thread finished: thread_outbound 2-66
2024-06-11 19:27:57,126 INFO o.a.j.t.JMeterThread: Thread is done: thread_outbound 2-89
2024-06-11 19:27:57,126 INFO o.a.j.t.JMeterThread: Thread finished: thread_outbound 2-89
2024-06-11 19:27:57,284 INFO o.a.j.t.JMeterThread: Thread is done: thread_outbound 2-48
2024-06-11 19:27:57,284 INFO o.a.j.t.JMeterThread: Thread finished: thread_outbound 2-48
2024-06-11 19:27:57,432 INFO o.a.j.t.JMeterThread: Thread is done: thread_outbound 2-69
2024-06-11 19:27:57,432 INFO o.a.j.t.JMeterThread: Thread finished: thread_outbound 2-69
2024-06-11 19:27:57,670 INFO o.a.j.t.JMeterThread: Thread is done: thread_outbound 2-37
2024-06-11 19:27:57,670 INFO o.a.j.t.JMeterThread: Thread finished: thread_outbound 2-37
2024-06-11 19:27:58,040 INFO o.a.j.t.JMeterThread: Thread is done: thread_outbound 2-60
2024-06-11 19:27:58,040 INFO o.a.j.t.JMeterThread: Thread finished: thread_outbound 2-60
2024-06-11 19:27:58,117 INFO o.a.j.t.JMeterThread: Thread is done: thread_outbound 2-56
2024-06-11 19:27:58,117 INFO o.a.j.t.JMeterThread: Thread finished: thread_outbound 2-56
2024-06-11 19:27:58,362 INFO o.a.j.t.JMeterThread: Thread is done: thread_outbound 2-93
2024-06-11 19:27:58,364 INFO o.a.j.t.JMeterThread: Thread finished: thread_outbound 2-93
2024-06-11 19:27:58,672 INFO o.a.j.t.JMeterThread: Thread is done: thread_outbound 2-51
2024-06-11 19:27:58,672 INFO o.a.j.t.JMeterThread: Thread finished: thread_outbound 2-51
2024-06-11 19:27:58,968 INFO o.a.j.t.JMeterThread: Thread is done: thread_outbound 2-97
2024-06-11 19:27:58,968 INFO o.a.j.t.JMeterThread: Thread finished: thread_outbound 2-97
2024-06-11 19:27:59,288 INFO o.a.j.t.JMeterThread: Thread is done: thread_outbound 2-39
2024-06-11 19:27:59,288 INFO o.a.j.t.JMeterThread: Thread finished: thread_outbound 2-39
2024-06-11 19:27:59,596 INFO o.a.j.t.JMeterThread: Thread is done: thread_outbound 2-74
2024-06-11 19:27:59,596 INFO o.a.j.t.JMeterThread: Thread finished: thread_outbound 2-74
2024-06-11 19:27:59,889 INFO o.a.j.t.JMeterThread: Thread is done: thread_outbound 2-95
2024-06-11 19:27:59,889 INFO o.a.j.t.JMeterThread: Thread finished: thread_outbound 2-95
2024-06-11 19:28:00,199 INFO o.a.j.t.JMeterThread: Thread is done: thread_outbound 2-53
2024-06-11 19:28:00,199 INFO o.a.j.t.JMeterThread: Thread finished: thread_outbound 2-53
2024-06-11 19:28:00,502 INFO o.a.j.t.JMeterThread: Thread is done: thread_outbound 2-82
2024-06-11 19:28:00,502 INFO o.a.j.t.JMeterThread: Thread finished: thread_outbound 2-82
2024-06-11 19:28:00,831 INFO o.a.j.t.JMeterThread: Thread is done: thread_outbound 2-99
2024-06-11 19:28:00,831 INFO o.a.j.t.JMeterThread: Thread finished: thread_outbound 2-99
2024-06-11 19:28:01,152 INFO o.a.j.t.JMeterThread: Thread is done: thread_outbound 2-92
2024-06-11 19:28:01,152 INFO o.a.j.t.JMeterThread: Thread finished: thread_outbound 2-92
2024-06-11 19:28:01,424 INFO o.a.j.t.JMeterThread: Thread is done: thread_outbound 2-57
2024-06-11 19:28:01,424 INFO o.a.j.t.JMeterThread: Thread finished: thread_outbound 2-57
2024-06-11 19:28:01,801 INFO o.a.j.t.JMeterThread: Thread is done: thread_outbound 2-72
2024-06-11 19:28:01,801 INFO o.a.j.t.JMeterThread: Thread finished: thread_outbound 2-72
2024-06-11 19:28:02,043 INFO o.a.j.t.JMeterThread: Thread is done: thread_outbound 2-76
2024-06-11 19:28:02,043 INFO o.a.j.t.JMeterThread: Thread finished: thread_outbound 2-76
2024-06-11 19:28:02,483 INFO o.a.j.t.JMeterThread: Thread is done: thread_outbound 2-85
2024-06-11 19:28:02,483 INFO o.a.j.t.JMeterThread: Thread finished: thread_outbound 2-85
2024-06-11 19:28:02,544 INFO o.a.j.t.JMeterThread: Thread is done: thread_outbound 2-59
2024-06-11 19:28:02,544 INFO o.a.j.t.JMeterThread: Thread finished: thread_outbound 2-59
2024-06-11 19:28:02,975 INFO o.a.j.t.JMeterThread: Thread is done: thread_outbound 2-45
2024-06-11 19:28:02,975 INFO o.a.j.t.JMeterThread: Thread finished: thread_outbound 2-45
2024-06-11 19:28:03,281 INFO o.a.j.t.JMeterThread: Thread is done: thread_outbound 2-47
2024-06-11 19:28:03,281 INFO o.a.j.t.JMeterThread: Thread finished: thread_outbound 2-47
2024-06-11 19:28:03,497 INFO o.a.j.t.JMeterThread: Thread is done: thread_outbound 2-10
2024-06-11 19:28:03,498 INFO o.a.j.t.JMeterThread: Thread finished: thread_outbound 2-10
2024-06-11 19:28:03,783 INFO o.a.j.t.JMeterThread: Thread is done: thread_outbound 2-98
2024-06-11 19:28:03,783 INFO o.a.j.t.JMeterThread: Thread finished: thread_outbound 2-98
2024-06-11 19:28:04,105 INFO o.a.j.t.JMeterThread: Thread is done: thread_outbound 2-50
2024-06-11 19:28:04,105 INFO o.a.j.t.JMeterThread: Thread finished: thread_outbound 2-50
2024-06-11 19:28:04,390 INFO o.a.j.t.JMeterThread: Thread is done: thread_outbound 2-73
2024-06-11 19:28:04,390 INFO o.a.j.t.JMeterThread: Thread finished: thread_outbound 2-73
2024-06-11 19:28:04,700 INFO o.a.j.t.JMeterThread: Thread is done: thread_outbound 2-94
2024-06-11 19:28:04,700 INFO o.a.j.t.JMeterThread: Thread finished: thread_outbound 2-94
2024-06-11 19:28:05,013 INFO o.a.j.t.JMeterThread: Thread is done: thread_outbound 2-26
2024-06-11 19:28:05,013 INFO o.a.j.t.JMeterThread: Thread finished: thread_outbound 2-26
2024-06-11 19:28:05,324 INFO o.a.j.t.JMeterThread: Thread is done: thread_outbound 2-9
2024-06-11 19:28:05,324 INFO o.a.j.t.JMeterThread: Thread finished: thread_outbound 2-9
2024-06-11 19:28:05,640 INFO o.a.j.t.JMeterThread: Thread is done: thread_outbound 2-34
2024-06-11 19:28:05,640 INFO o.a.j.t.JMeterThread: Thread finished: thread_outbound 2-34
2024-06-11 19:28:05,827 INFO o.a.j.t.JMeterThread: Thread is done: thread_outbound 2-81
2024-06-11 19:28:05,827 INFO o.a.j.t.JMeterThread: Thread finished: thread_outbound 2-81
2024-06-11 19:28:06,439 INFO o.a.j.t.JMeterThread: Thread is done: thread_outbound 2-68
2024-06-11 19:28:06,439 INFO o.a.j.t.JMeterThread: Thread finished: thread_outbound 2-68
2024-06-11 19:28:06,448 INFO o.a.j.t.JMeterThread: Thread is done: thread_outbound 2-84
2024-06-11 19:28:06,448 INFO o.a.j.t.JMeterThread: Thread finished: thread_outbound 2-84
2024-06-11 19:28:06,654 INFO o.a.j.t.JMeterThread: Thread is done: thread_outbound 2-31
2024-06-11 19:28:06,655 INFO o.a.j.t.JMeterThread: Thread finished: thread_outbound 2-31
2024-06-11 19:28:07,008 INFO o.a.j.t.JMeterThread: Thread is done: thread_outbound 2-67
2024-06-11 19:28:07,008 INFO o.a.j.t.JMeterThread: Thread finished: thread_outbound 2-67
2024-06-11 19:28:07,266 INFO o.a.j.t.JMeterThread: Thread is done: thread_outbound 2-96
2024-06-11 19:28:07,266 INFO o.a.j.t.JMeterThread: Thread finished: thread_outbound 2-96
2024-06-11 19:28:07,580 INFO o.a.j.t.JMeterThread: Thread is done: thread_outbound 2-65
2024-06-11 19:28:07,580 INFO o.a.j.t.JMeterThread: Thread finished: thread_outbound 2-65
2024-06-11 19:28:07,782 INFO o.a.j.t.JMeterThread: Thread is done: thread_outbound 2-52
2024-06-11 19:28:07,782 INFO o.a.j.t.JMeterThread: Thread finished: thread_outbound 2-52
2024-06-11 19:28:08,121 INFO o.a.j.t.JMeterThread: Thread is done: thread_outbound 2-36
2024-06-11 19:28:08,121 INFO o.a.j.t.JMeterThread: Thread finished: thread_outbound 2-36
2024-06-11 19:28:08,282 INFO o.a.j.t.JMeterThread: Thread is done: thread_outbound 2-49
2024-06-11 19:28:08,282 INFO o.a.j.t.JMeterThread: Thread finished: thread_outbound 2-49
2024-06-11 19:28:08,494 INFO o.a.j.t.JMeterThread: Thread is done: thread_outbound 2-86
2024-06-11 19:28:08,494 INFO o.a.j.t.JMeterThread: Thread finished: thread_outbound 2-86
2024-06-11 19:28:08,800 INFO o.a.j.t.JMeterThread: Thread is done: thread_outbound 2-35
2024-06-11 19:28:08,800 INFO o.a.j.t.JMeterThread: Thread finished: thread_outbound 2-35
2024-06-11 19:28:09,017 INFO o.a.j.t.JMeterThread: Thread is done: thread_outbound 2-54
2024-06-11 19:28:09,020 INFO o.a.j.t.JMeterThread: Thread finished: thread_outbound 2-54
2024-06-11 19:28:09,265 INFO o.a.j.t.JMeterThread: Thread is done: thread_outbound 2-80
2024-06-11 19:28:09,265 INFO o.a.j.t.JMeterThread: Thread finished: thread_outbound 2-80
2024-06-11 19:28:09,491 INFO o.a.j.t.JMeterThread: Thread is done: thread_outbound 2-62
2024-06-11 19:28:09,491 INFO o.a.j.t.JMeterThread: Thread finished: thread_outbound 2-62
2024-06-11 19:28:09,639 INFO o.a.j.t.JMeterThread: Thread is done: thread_outbound 2-41
2024-06-11 19:28:09,639 INFO o.a.j.t.JMeterThread: Thread finished: thread_outbound 2-41
2024-06-11 19:28:09,856 INFO o.a.j.t.JMeterThread: Thread is done: thread_outbound 2-13
2024-06-11 19:28:09,856 INFO o.a.j.t.JMeterThread: Thread finished: thread_outbound 2-13
2024-06-11 19:28:10,052 INFO o.a.j.t.JMeterThread: Thread is done: thread_outbound 2-83
2024-06-11 19:28:10,052 INFO o.a.j.t.JMeterThread: Thread finished: thread_outbound 2-83
2024-06-11 19:28:10,297 INFO o.a.j.t.JMeterThread: Thread is done: thread_outbound 2-20
2024-06-11 19:28:10,297 INFO o.a.j.t.JMeterThread: Thread finished: thread_outbound 2-20
2024-06-11 19:28:10,499 INFO o.a.j.t.JMeterThread: Thread is done: thread_outbound 2-42
2024-06-11 19:28:10,499 INFO o.a.j.t.JMeterThread: Thread finished: thread_outbound 2-42
2024-06-11 19:28:10,843 INFO o.a.j.t.JMeterThread: Thread is done: thread_outbound 2-40
2024-06-11 19:28:10,843 INFO o.a.j.t.JMeterThread: Thread finished: thread_outbound 2-40
2024-06-11 19:28:11,158 INFO o.a.j.t.JMeterThread: Thread is done: thread_outbound 2-4
2024-06-11 19:28:11,158 INFO o.a.j.t.JMeterThread: Thread finished: thread_outbound 2-4
2024-06-11 19:28:11,372 INFO o.a.j.t.JMeterThread: Thread is done: thread_outbound 2-90
2024-06-11 19:28:11,372 INFO o.a.j.t.JMeterThread: Thread finished: thread_outbound 2-90
2024-06-11 19:28:11,682 INFO o.a.j.t.JMeterThread: Thread is done: thread_outbound 2-100
2024-06-11 19:28:11,682 INFO o.a.j.t.JMeterThread: Thread finished: thread_outbound 2-100
2024-06-11 19:28:12,005 INFO o.a.j.t.JMeterThread: Thread is done: thread_outbound 2-87
2024-06-11 19:28:12,006 INFO o.a.j.t.JMeterThread: Thread finished: thread_outbound 2-87
2024-06-11 19:28:12,192 INFO o.a.j.t.JMeterThread: Thread is done: thread_outbound 2-91
2024-06-11 19:28:12,196 INFO o.a.j.t.JMeterThread: Thread finished: thread_outbound 2-91
2024-06-11 19:28:12,416 INFO o.a.j.t.JMeterThread: Thread is done: thread_outbound 2-78
2024-06-11 19:28:12,416 INFO o.a.j.t.JMeterThread: Thread finished: thread_outbound 2-78
2024-06-11 19:28:12,580 INFO o.a.j.t.JMeterThread: Thread is done: thread_outbound 2-30
2024-06-11 19:28:12,580 INFO o.a.j.t.JMeterThread: Thread finished: thread_outbound 2-30
2024-06-11 19:28:12,813 INFO o.a.j.t.JMeterThread: Thread is done: thread_outbound 2-77
2024-06-11 19:28:12,813 INFO o.a.j.t.JMeterThread: Thread finished: thread_outbound 2-77
2024-06-11 19:28:13,099 INFO o.a.j.t.JMeterThread: Thread is done: thread_outbound 2-32
2024-06-11 19:28:13,099 INFO o.a.j.t.JMeterThread: Thread finished: thread_outbound 2-32
2024-06-11 19:28:13,406 INFO o.a.j.t.JMeterThread: Thread is done: thread_outbound 2-44
2024-06-11 19:28:13,406 INFO o.a.j.t.JMeterThread: Thread finished: thread_outbound 2-44
2024-06-11 19:28:13,610 INFO o.a.j.t.JMeterThread: Thread is done: thread_outbound 2-75
2024-06-11 19:28:13,610 INFO o.a.j.t.JMeterThread: Thread finished: thread_outbound 2-75
2024-06-11 19:28:14,041 INFO o.a.j.t.JMeterThread: Thread is done: thread_outbound 2-63
2024-06-11 19:28:14,041 INFO o.a.j.t.JMeterThread: Thread finished: thread_outbound 2-63
2024-06-11 19:28:14,235 INFO o.a.j.t.JMeterThread: Thread is done: thread_outbound 2-22
2024-06-11 19:28:14,235 INFO o.a.j.t.JMeterThread: Thread finished: thread_outbound 2-22
2024-06-11 19:28:14,568 INFO o.a.j.t.JMeterThread: Thread is done: thread_outbound 2-64
2024-06-11 19:28:14,568 INFO o.a.j.t.JMeterThread: Thread finished: thread_outbound 2-64
2024-06-11 19:28:14,941 INFO o.a.j.t.JMeterThread: Thread is done: thread_outbound 2-23
2024-06-11 19:28:14,941 INFO o.a.j.t.JMeterThread: Thread finished: thread_outbound 2-23
2024-06-11 19:28:15,265 INFO o.a.j.t.JMeterThread: Thread is done: thread_outbound 2-11
2024-06-11 19:28:15,265 INFO o.a.j.t.JMeterThread: Thread finished: thread_outbound 2-11
2024-06-11 19:28:15,478 INFO o.a.j.t.JMeterThread: Thread is done: thread_outbound 2-12
2024-06-11 19:28:15,478 INFO o.a.j.t.JMeterThread: Thread finished: thread_outbound 2-12
2024-06-11 19:28:15,755 INFO o.a.j.t.JMeterThread: Thread is done: thread_outbound 2-18
2024-06-11 19:28:15,755 INFO o.a.j.t.JMeterThread: Thread finished: thread_outbound 2-18
2024-06-11 19:28:15,755 INFO o.a.j.e.StandardJMeterEngine: Notifying test listeners of end of test
2024-06-11 19:28:15,816 INFO o.a.j.g.u.JMeterMenuBar: setRunning(false, *local*)
