2024-06-11 19:09:39,748 INFO o.a.j.u.JMeterUtils: Setting Locale to en_EN
2024-06-11 19:09:39,797 INFO o.a.j.JMeter: Loading user properties from: C:\Users\SwatantraKSrivastava\OneDrive - Advatix\Desktop\load_testing\load_testing1\apache-jmeter-5.6.3\bin\user.properties
2024-06-11 19:09:39,797 INFO o.a.j.JMeter: Loading system properties from: C:\Users\SwatantraKSrivastava\OneDrive - Advatix\Desktop\load_testing\load_testing1\apache-jmeter-5.6.3\bin\system.properties
2024-06-11 19:09:39,813 INFO o.a.j.JMeter: Copyright (c) 1998-2024 The Apache Software Foundation
2024-06-11 19:09:39,813 INFO o.a.j.JMeter: Version 5.6.3
2024-06-11 19:09:39,813 INFO o.a.j.JMeter: java.version=22.0.1
2024-06-11 19:09:39,813 INFO o.a.j.JMeter: java.vm.name=Java HotSpot(TM) 64-Bit Server VM
2024-06-11 19:09:39,813 INFO o.a.j.JMeter: os.name=Windows 10
2024-06-11 19:09:39,813 INFO o.a.j.JMeter: os.arch=amd64
2024-06-11 19:09:39,813 INFO o.a.j.JMeter: os.version=10.0
2024-06-11 19:09:39,813 INFO o.a.j.JMeter: file.encoding=UTF-8
2024-06-11 19:09:39,813 INFO o.a.j.JMeter: java.awt.headless=true
2024-06-11 19:09:39,813 INFO o.a.j.JMeter: Max memory     =1073741824
2024-06-11 19:09:39,813 INFO o.a.j.JMeter: Available Processors =8
2024-06-11 19:09:39,832 INFO o.a.j.JMeter: Default Locale=English (EN)
2024-06-11 19:09:39,832 INFO o.a.j.JMeter: JMeter  Locale=English (EN)
2024-06-11 19:09:39,832 INFO o.a.j.JMeter: JMeterHome=C:\Users\SwatantraKSrivastava\OneDrive - Advatix\Desktop\load_testing\load_testing1\apache-jmeter-5.6.3
2024-06-11 19:09:39,832 INFO o.a.j.JMeter: user.dir  =C:\Users\SwatantraKSrivastava\.jenkins\workspace\performance load testing
2024-06-11 19:09:39,836 INFO o.a.j.JMeter: PWD       =C:\Users\SwatantraKSrivastava\.jenkins\workspace\performance load testing
2024-06-11 19:09:39,837 INFO o.a.j.JMeter: IP: 192.168.1.7 Name: INGRLT000529 FullName: INGRLT000529
2024-06-11 19:09:39,852 INFO o.a.j.JMeter: Setting property 'jmeter.reportgenerator.outputdir' to:'C:\Users\SwatantraKSrivastava\OneDrive - Advatix\Desktop\load_testing\load_testing1\acs-2\outbound\outbound_report'
2024-06-11 19:09:39,860 INFO o.a.j.s.FileServer: Default base='C:\Users\SwatantraKSrivastava\.jenkins\workspace\performance load testing'
2024-06-11 19:09:39,868 INFO o.a.j.s.FileServer: Set new base='C:\Users\SwatantraKSrivastava\OneDrive - Advatix\Desktop\load_testing\load_testing1\acs-2\outbound'
2024-06-11 19:09:40,335 INFO o.a.j.s.SaveService: Testplan (JMX) version: 2.2. Testlog (JTL) version: 2.2
2024-06-11 19:09:40,402 INFO o.a.j.s.SaveService: Using SaveService properties version 5.0
2024-06-11 19:09:40,410 INFO o.a.j.s.SaveService: Using SaveService properties file encoding UTF-8
2024-06-11 19:09:40,418 INFO o.a.j.s.SaveService: Loading file: C:\Users\SwatantraKSrivastava\OneDrive - Advatix\Desktop\load_testing\load_testing1\acs-2\outbound\outbound.jmx
2024-06-11 19:09:40,604 INFO o.a.j.p.h.s.HTTPSamplerBase: Parser for text/html is org.apache.jmeter.protocol.http.parser.LagartoBasedHtmlParser
2024-06-11 19:09:40,604 INFO o.a.j.p.h.s.HTTPSamplerBase: Parser for application/xhtml+xml is org.apache.jmeter.protocol.http.parser.LagartoBasedHtmlParser
2024-06-11 19:09:40,604 INFO o.a.j.p.h.s.HTTPSamplerBase: Parser for application/xml is org.apache.jmeter.protocol.http.parser.LagartoBasedHtmlParser
2024-06-11 19:09:40,604 INFO o.a.j.p.h.s.HTTPSamplerBase: Parser for text/xml is org.apache.jmeter.protocol.http.parser.LagartoBasedHtmlParser
2024-06-11 19:09:40,604 INFO o.a.j.p.h.s.HTTPSamplerBase: Parser for text/vnd.wap.wml is org.apache.jmeter.protocol.http.parser.RegexpHTMLParser
2024-06-11 19:09:40,604 INFO o.a.j.p.h.s.HTTPSamplerBase: Parser for text/css is org.apache.jmeter.protocol.http.parser.CssParser
2024-06-11 19:09:40,926 INFO o.a.j.JMeter: Creating summariser <summary>
2024-06-11 19:09:40,947 INFO o.a.j.r.d.ReportGenerator: ReportGenerator will use for Parsing the separator: ','
2024-06-11 19:09:40,947 INFO o.a.j.r.d.ReportGenerator: Will generate report at end of test from  results file: C:/Users/SwatantraKSrivastava/OneDrive - Advatix/Desktop/load_testing/load_testing1/acs-2/outbound/outbound_result.csv
2024-06-11 19:09:40,947 INFO o.a.j.r.d.ReportGenerator: Reading report generator properties from: C:\Users\SwatantraKSrivastava\OneDrive - Advatix\Desktop\load_testing\load_testing1\apache-jmeter-5.6.3\bin\reportgenerator.properties
2024-06-11 19:09:40,947 INFO o.a.j.r.d.ReportGenerator: Merging with JMeter properties
2024-06-11 19:09:40,967 INFO o.a.j.r.c.ReportGeneratorConfiguration: Property 'jmeter.reportgenerator.temp_dir' not found, using default value 'temp' instead.
2024-06-11 19:09:40,967 INFO o.a.j.r.c.ReportGeneratorConfiguration: Property 'jmeter.reportgenerator.apdex_per_transaction' not found, using default value 'null' instead.
2024-06-11 19:09:40,975 INFO o.a.j.r.c.ReportGeneratorConfiguration: apdex_per_transaction is empty, not APDEX per transaction customization
2024-06-11 19:09:40,975 INFO o.a.j.r.c.ReportGeneratorConfiguration: Property 'jmeter.reportgenerator.sample_filter' not found, using default value 'null' instead.
2024-06-11 19:09:40,975 INFO o.a.j.r.c.ReportGeneratorConfiguration: Property 'jmeter.reportgenerator.report_title' not found, using default value 'null' instead.
2024-06-11 19:09:40,975 INFO o.a.j.r.c.ReportGeneratorConfiguration: Property 'jmeter.reportgenerator.end_date' not found, using default value 'null' instead.
2024-06-11 19:09:40,977 ERROR o.a.j.r.c.ReportGeneratorConfiguration: Error parsing property jmeter.reportgenerator.start_date with value: =yyyyMMddHHmmss using format: yyyyMMddHHmmss
java.text.ParseException: Unparseable date: "=yyyyMMddHHmmss"
	at java.base/java.text.DateFormat.parse(DateFormat.java:403) ~[?:?]
	at org.apache.jmeter.report.config.ReportGeneratorConfiguration.loadFromProperties(ReportGeneratorConfiguration.java:676) [ApacheJMeter_core.jar:5.6.3]
	at org.apache.jmeter.report.dashboard.ReportGenerator.<init>(ReportGenerator.java:155) [ApacheJMeter_core.jar:5.6.3]
	at org.apache.jmeter.JMeter.runNonGui(JMeter.java:1007) [ApacheJMeter_core.jar:5.6.3]
	at org.apache.jmeter.JMeter.startNonGui(JMeter.java:940) [ApacheJMeter_core.jar:5.6.3]
	at org.apache.jmeter.JMeter.start(JMeter.java:508) [ApacheJMeter_core.jar:5.6.3]
	at java.base/jdk.internal.reflect.DirectMethodHandleAccessor.invoke(DirectMethodHandleAccessor.java:103) ~[?:?]
	at java.base/java.lang.reflect.Method.invoke(Method.java:580) ~[?:?]
	at org.apache.jmeter.NewDriver.main(NewDriver.java:259) [ApacheJMeter.jar:5.6.3]
2024-06-11 19:09:40,998 INFO o.a.j.r.c.ReportGeneratorConfiguration: Will use date range start date: =yyyyMMddHHmmss, end date: null
2024-06-11 19:09:41,009 INFO o.a.j.r.c.ReportGeneratorConfiguration: Property 'jmeter.reportgenerator.graph.totalTPS.exclude_controllers' not found, using default value 'false' instead.
2024-06-11 19:09:41,009 INFO o.a.j.r.c.ReportGeneratorConfiguration: Property 'jmeter.reportgenerator.graph.activeThreadsOverTime.exclude_controllers' not found, using default value 'false' instead.
2024-06-11 19:09:41,009 INFO o.a.j.r.c.ReportGeneratorConfiguration: Property 'jmeter.reportgenerator.graph.timeVsThreads.exclude_controllers' not found, using default value 'false' instead.
2024-06-11 19:09:41,009 INFO o.a.j.r.c.ReportGeneratorConfiguration: Property 'jmeter.reportgenerator.graph.responseTimeDistribution.exclude_controllers' not found, using default value 'false' instead.
2024-06-11 19:09:41,009 INFO o.a.j.r.c.ReportGeneratorConfiguration: Property 'jmeter.reportgenerator.graph.transactionsPerSecond.exclude_controllers' not found, using default value 'false' instead.
2024-06-11 19:09:41,009 INFO o.a.j.r.c.ReportGeneratorConfiguration: Property 'jmeter.reportgenerator.graph.responseTimePercentiles.exclude_controllers' not found, using default value 'false' instead.
2024-06-11 19:09:41,016 INFO o.a.j.r.c.ReportGeneratorConfiguration: Property 'jmeter.reportgenerator.graph.responseTimePercentilesOverTime.exclude_controllers' not found, using default value 'false' instead.
2024-06-11 19:09:41,016 INFO o.a.j.r.c.ReportGeneratorConfiguration: Property 'jmeter.reportgenerator.graph.responseTimesOverTime.exclude_controllers' not found, using default value 'false' instead.
2024-06-11 19:09:41,016 INFO o.a.j.r.c.ReportGeneratorConfiguration: Property 'jmeter.reportgenerator.graph.connectTimeOverTime.exclude_controllers' not found, using default value 'false' instead.
2024-06-11 19:09:41,016 INFO o.a.j.r.c.ReportGeneratorConfiguration: Property 'jmeter.reportgenerator.graph.latenciesOverTime.exclude_controllers' not found, using default value 'false' instead.
2024-06-11 19:09:41,018 INFO o.a.j.r.c.ReportGeneratorConfiguration: Property 'jmeter.reportgenerator.exporter.json.filters_only_sample_series' not found, using default value 'true' instead.
2024-06-11 19:09:41,018 INFO o.a.j.r.c.ReportGeneratorConfiguration: Property 'jmeter.reportgenerator.exporter.json.series_filter' not found, using default value '' instead.
2024-06-11 19:09:41,018 INFO o.a.j.r.c.ReportGeneratorConfiguration: Property 'jmeter.reportgenerator.exporter.json.show_controllers_only' not found, using default value 'false' instead.
2024-06-11 19:09:41,018 INFO o.a.j.r.c.ReportGeneratorConfiguration: Property 'jmeter.reportgenerator.exporter.html.filters_only_sample_series' not found, using default value 'true' instead.
2024-06-11 19:09:41,018 INFO o.a.j.r.c.ReportGeneratorConfiguration: Property 'jmeter.reportgenerator.exporter.html.series_filter' not found, using default value '' instead.
2024-06-11 19:09:41,018 INFO o.a.j.r.c.ReportGeneratorConfiguration: Property 'jmeter.reportgenerator.exporter.html.show_controllers_only' not found, using default value 'false' instead.
2024-06-11 19:09:41,060 INFO o.a.j.e.StandardJMeterEngine: Running the test!
2024-06-11 19:09:41,060 INFO o.a.j.s.SampleEvent: List of sample_variables: []
2024-06-11 19:09:41,068 INFO o.a.j.s.SampleEvent: List of sample_variables: []
2024-06-11 19:09:41,081 INFO o.a.j.e.u.CompoundVariable: Note: Function class names must contain the string: '.functions.'
2024-06-11 19:09:41,081 INFO o.a.j.e.u.CompoundVariable: Note: Function class names must not contain the string: '.gui.'
2024-06-11 19:09:41,281 INFO o.a.j.r.ClassFinder: Will scan jar C:\Users\SwatantraKSrivastava\OneDrive - Advatix\Desktop\load_testing\load_testing1\apache-jmeter-5.6.3\lib\ext\jmeter-plugins-mergeresults-2.1.jar with filter ExtendsClassFilter [parents=[interface org.apache.jmeter.functions.Function], inner=false, contains=null, notContains=null]. Consider exposing JMeter plugins via META-INF/services, and add JMeter-Skip-Class-Scanning=true manifest attribute so JMeter can skip classfile scanning
2024-06-11 19:09:41,302 INFO o.a.j.r.ClassFinder: Will scan jar C:\Users\SwatantraKSrivastava\OneDrive - Advatix\Desktop\load_testing\load_testing1\apache-jmeter-5.6.3\lib\ext\jmeter-plugins-perfmon-2.1.jar with filter ExtendsClassFilter [parents=[interface org.apache.jmeter.functions.Function], inner=false, contains=null, notContains=null]. Consider exposing JMeter plugins via META-INF/services, and add JMeter-Skip-Class-Scanning=true manifest attribute so JMeter can skip classfile scanning
2024-06-11 19:09:41,318 INFO o.a.j.r.ClassFinder: Will scan jar C:\Users\SwatantraKSrivastava\OneDrive - Advatix\Desktop\load_testing\load_testing1\apache-jmeter-5.6.3\lib\ext\perfmon-2.2.2.jar with filter ExtendsClassFilter [parents=[interface org.apache.jmeter.functions.Function], inner=false, contains=null, notContains=null]. Consider exposing JMeter plugins via META-INF/services, and add JMeter-Skip-Class-Scanning=true manifest attribute so JMeter can skip classfile scanning
2024-06-11 19:09:41,360 INFO o.a.j.r.ClassFinder: Will scan jar C:\Users\SwatantraKSrivastava\OneDrive - Advatix\Desktop\load_testing\load_testing1\apache-jmeter-5.6.3\lib\ext\jmeter-plugins-cmn-jmeter-0.7.jar with filter ExtendsClassFilter [parents=[interface org.apache.jmeter.functions.Function], inner=false, contains=null, notContains=null]. Consider exposing JMeter plugins via META-INF/services, and add JMeter-Skip-Class-Scanning=true manifest attribute so JMeter can skip classfile scanning
2024-06-11 19:09:41,419 INFO o.a.j.r.ClassFinder: Will scan jar C:\Users\SwatantraKSrivastava\OneDrive - Advatix\Desktop\load_testing\load_testing1\apache-jmeter-5.6.3\lib\ext\json-lib-2.4-jdk15.jar with filter ExtendsClassFilter [parents=[interface org.apache.jmeter.functions.Function], inner=false, contains=null, notContains=null]. Consider exposing JMeter plugins via META-INF/services, and add JMeter-Skip-Class-Scanning=true manifest attribute so JMeter can skip classfile scanning
2024-06-11 19:09:41,486 INFO o.a.j.r.ClassFinder: Will scan jar C:\Users\SwatantraKSrivastava\OneDrive - Advatix\Desktop\load_testing\load_testing1\apache-jmeter-5.6.3\lib\ext\jmeter-plugins-manager-1.10.jar with filter ExtendsClassFilter [parents=[interface org.apache.jmeter.functions.Function], inner=false, contains=null, notContains=null]. Consider exposing JMeter plugins via META-INF/services, and add JMeter-Skip-Class-Scanning=true manifest attribute so JMeter can skip classfile scanning
2024-06-11 19:09:41,702 INFO o.a.j.r.ClassFinder: Will scan jar C:\Users\SwatantraKSrivastava\OneDrive - Advatix\Desktop\load_testing\load_testing1\apache-jmeter-5.6.3\lib\ext\cmdrunner-2.3.jar with filter ExtendsClassFilter [parents=[interface org.apache.jmeter.functions.Function], inner=false, contains=null, notContains=null]. Consider exposing JMeter plugins via META-INF/services, and add JMeter-Skip-Class-Scanning=true manifest attribute so JMeter can skip classfile scanning
2024-06-11 19:09:41,726 INFO o.a.j.r.ResultCollector: Folder at C:\Users\SwatantraKSrivastava\OneDrive - Advatix\Desktop\load_testing\acs-2\outbound was created
2024-06-11 19:09:41,749 INFO o.a.j.JMeter: Running test (1718113181749)
2024-06-11 19:09:41,784 INFO o.a.j.e.StandardJMeterEngine: Starting ThreadGroup: 1 : thread_login
2024-06-11 19:09:41,784 INFO o.a.j.e.StandardJMeterEngine: Starting 1 threads for group thread_login.
2024-06-11 19:09:41,784 INFO o.a.j.e.StandardJMeterEngine: Thread will continue on error
2024-06-11 19:09:41,784 INFO o.a.j.t.ThreadGroup: Starting thread group... number=1 threads=1 ramp-up=1 delayedStart=false
2024-06-11 19:09:41,800 INFO o.a.j.t.ThreadGroup: Started thread group number 1
2024-06-11 19:09:41,800 INFO o.a.j.e.StandardJMeterEngine: Waiting for thread group: thread_login to finish before starting next group
2024-06-11 19:09:41,800 INFO o.a.j.t.JMeterThread: Thread started: thread_login 1-1
2024-06-11 19:09:41,850 INFO o.a.j.p.h.s.HTTPHCAbstractImpl: Local host = INGRLT000529
2024-06-11 19:09:41,864 INFO o.a.j.p.h.s.HTTPHC4Impl: HTTP request retry count = 0
2024-06-11 19:09:41,866 INFO o.a.j.s.SampleResult: Note: Sample TimeStamps are START times
2024-06-11 19:09:41,866 INFO o.a.j.s.SampleResult: sampleresult.default.encoding is set to UTF-8
2024-06-11 19:09:41,866 INFO o.a.j.s.SampleResult: sampleresult.useNanoTime=true
2024-06-11 19:09:41,866 INFO o.a.j.s.SampleResult: sampleresult.nanoThreadSleep=5000
2024-06-11 19:09:42,069 INFO o.a.j.p.h.s.h.LazyLayeredConnectionSocketFactory: Setting up HTTPS TrustAll Socket Factory
2024-06-11 19:09:42,079 INFO o.a.j.u.JsseSSLManager: Using default SSL protocol: TLS
2024-06-11 19:09:42,079 INFO o.a.j.u.JsseSSLManager: SSL session context: per-thread
2024-06-11 19:09:42,582 INFO o.a.j.u.SSLManager: JmeterKeyStore Location:  type JKS
2024-06-11 19:09:42,584 INFO o.a.j.u.SSLManager: KeyStore created OK
2024-06-11 19:09:42,584 WARN o.a.j.u.SSLManager: Keystore file not found, loading empty keystore
2024-06-11 19:09:45,005 INFO o.a.j.t.JMeterThread: Thread is done: thread_login 1-1
2024-06-11 19:09:45,005 INFO o.a.j.t.JMeterThread: Thread finished: thread_login 1-1
2024-06-11 19:09:45,013 INFO o.a.j.e.StandardJMeterEngine: Starting ThreadGroup: 2 : thread_outbound
2024-06-11 19:09:45,013 INFO o.a.j.e.StandardJMeterEngine: Starting 100 threads for group thread_outbound.
2024-06-11 19:09:45,013 INFO o.a.j.e.StandardJMeterEngine: Thread will continue on error
2024-06-11 19:09:45,013 INFO o.a.j.t.ThreadGroup: Starting thread group... number=2 threads=100 ramp-up=1 delayedStart=false
2024-06-11 19:09:45,021 INFO o.a.j.t.JMeterThread: Thread started: thread_outbound 2-1
2024-06-11 19:09:45,037 INFO o.a.j.t.JMeterThread: Thread started: thread_outbound 2-2
2024-06-11 19:09:45,052 INFO o.a.j.t.JMeterThread: Thread started: thread_outbound 2-3
2024-06-11 19:09:45,064 INFO o.a.j.t.JMeterThread: Thread started: thread_outbound 2-4
2024-06-11 19:09:45,070 INFO o.a.j.t.JMeterThread: Thread started: thread_outbound 2-5
2024-06-11 19:09:45,071 INFO o.a.j.t.JMeterThread: Thread started: thread_outbound 2-6
2024-06-11 19:09:45,120 INFO o.a.j.t.JMeterThread: Thread started: thread_outbound 2-8
2024-06-11 19:09:45,120 INFO o.a.j.t.JMeterThread: Thread started: thread_outbound 2-7
2024-06-11 19:09:45,134 INFO o.a.j.t.JMeterThread: Thread started: thread_outbound 2-9
2024-06-11 19:09:45,156 INFO o.a.j.t.JMeterThread: Thread started: thread_outbound 2-10
2024-06-11 19:09:45,162 INFO o.a.j.t.JMeterThread: Thread started: thread_outbound 2-11
2024-06-11 19:09:45,170 INFO o.a.j.t.JMeterThread: Thread started: thread_outbound 2-12
2024-06-11 19:09:45,194 INFO o.a.j.t.JMeterThread: Thread started: thread_outbound 2-13
2024-06-11 19:09:45,211 INFO o.a.j.t.JMeterThread: Thread started: thread_outbound 2-14
2024-06-11 19:09:45,229 INFO o.a.j.t.JMeterThread: Thread started: thread_outbound 2-16
2024-06-11 19:09:45,234 INFO o.a.j.t.JMeterThread: Thread started: thread_outbound 2-15
2024-06-11 19:09:45,240 INFO o.a.j.t.JMeterThread: Thread started: thread_outbound 2-17
2024-06-11 19:09:45,252 INFO o.a.j.t.JMeterThread: Thread started: thread_outbound 2-18
2024-06-11 19:09:45,295 INFO o.a.j.t.JMeterThread: Thread started: thread_outbound 2-20
2024-06-11 19:09:45,304 INFO o.a.j.t.JMeterThread: Thread started: thread_outbound 2-19
2024-06-11 19:09:45,311 INFO o.a.j.t.JMeterThread: Thread started: thread_outbound 2-21
2024-06-11 19:09:45,312 INFO o.a.j.t.JMeterThread: Thread started: thread_outbound 2-22
2024-06-11 19:09:45,363 INFO o.a.j.t.JMeterThread: Thread started: thread_outbound 2-23
2024-06-11 19:09:45,371 INFO o.a.j.t.JMeterThread: Thread started: thread_outbound 2-24
2024-06-11 19:09:45,372 INFO o.a.j.t.JMeterThread: Thread started: thread_outbound 2-25
2024-06-11 19:09:45,386 INFO o.a.j.t.JMeterThread: Thread started: thread_outbound 2-26
2024-06-11 19:09:45,415 INFO o.a.j.t.JMeterThread: Thread started: thread_outbound 2-27
2024-06-11 19:09:45,427 INFO o.a.j.t.JMeterThread: Thread started: thread_outbound 2-28
2024-06-11 19:09:45,449 INFO o.a.j.t.JMeterThread: Thread started: thread_outbound 2-29
2024-06-11 19:09:45,473 INFO o.a.j.t.JMeterThread: Thread started: thread_outbound 2-30
2024-06-11 19:09:45,480 INFO o.a.j.t.JMeterThread: Thread started: thread_outbound 2-31
2024-06-11 19:09:45,499 INFO o.a.j.t.JMeterThread: Thread started: thread_outbound 2-32
2024-06-11 19:09:45,519 INFO o.a.j.t.JMeterThread: Thread started: thread_outbound 2-33
2024-06-11 19:09:45,530 INFO o.a.j.t.JMeterThread: Thread started: thread_outbound 2-34
2024-06-11 19:09:45,549 INFO o.a.j.t.JMeterThread: Thread started: thread_outbound 2-35
2024-06-11 19:09:45,569 INFO o.a.j.t.JMeterThread: Thread started: thread_outbound 2-36
2024-06-11 19:09:45,638 INFO o.a.j.t.JMeterThread: Thread started: thread_outbound 2-37
2024-06-11 19:09:45,736 INFO o.a.j.t.JMeterThread: Thread started: thread_outbound 2-38
2024-06-11 19:09:45,796 INFO o.a.j.t.JMeterThread: Thread started: thread_outbound 2-39
2024-06-11 19:09:45,930 INFO o.a.j.t.JMeterThread: Thread started: thread_outbound 2-40
2024-06-11 19:09:46,056 INFO o.a.j.t.JMeterThread: Thread started: thread_outbound 2-41
2024-06-11 19:09:46,145 INFO o.a.j.t.JMeterThread: Thread started: thread_outbound 2-42
2024-06-11 19:09:46,151 INFO o.a.j.t.JMeterThread: Thread started: thread_outbound 2-43
2024-06-11 19:09:46,174 INFO o.a.j.t.JMeterThread: Thread started: thread_outbound 2-44
2024-06-11 19:09:46,184 INFO o.a.j.t.JMeterThread: Thread started: thread_outbound 2-47
2024-06-11 19:09:46,184 INFO o.a.j.t.JMeterThread: Thread started: thread_outbound 2-45
2024-06-11 19:09:46,267 INFO o.a.j.t.JMeterThread: Thread started: thread_outbound 2-46
2024-06-11 19:09:46,282 INFO o.a.j.t.JMeterThread: Thread started: thread_outbound 2-48
2024-06-11 19:09:46,337 INFO o.a.j.t.JMeterThread: Thread started: thread_outbound 2-49
2024-06-11 19:09:46,416 INFO o.a.j.t.JMeterThread: Thread started: thread_outbound 2-50
2024-06-11 19:09:46,452 INFO o.a.j.t.JMeterThread: Thread started: thread_outbound 2-51
2024-06-11 19:09:46,454 INFO o.a.j.t.JMeterThread: Thread started: thread_outbound 2-52
2024-06-11 19:09:46,456 INFO o.a.j.t.JMeterThread: Thread started: thread_outbound 2-53
2024-06-11 19:09:46,491 INFO o.a.j.t.JMeterThread: Thread started: thread_outbound 2-55
2024-06-11 19:09:46,496 INFO o.a.j.t.JMeterThread: Thread started: thread_outbound 2-54
2024-06-11 19:09:46,497 INFO o.a.j.t.JMeterThread: Thread started: thread_outbound 2-60
2024-06-11 19:09:46,497 INFO o.a.j.t.JMeterThread: Thread started: thread_outbound 2-59
2024-06-11 19:09:46,498 INFO o.a.j.t.JMeterThread: Thread started: thread_outbound 2-63
2024-06-11 19:09:46,498 INFO o.a.j.t.JMeterThread: Thread started: thread_outbound 2-57
2024-06-11 19:09:46,499 INFO o.a.j.t.JMeterThread: Thread started: thread_outbound 2-67
2024-06-11 19:09:46,496 INFO o.a.j.t.JMeterThread: Thread started: thread_outbound 2-56
2024-06-11 19:09:46,511 INFO o.a.j.t.JMeterThread: Thread started: thread_outbound 2-58
2024-06-11 19:09:46,514 INFO o.a.j.t.JMeterThread: Thread started: thread_outbound 2-68
2024-06-11 19:09:46,518 INFO o.a.j.t.JMeterThread: Thread started: thread_outbound 2-65
2024-06-11 19:09:46,525 INFO o.a.j.t.JMeterThread: Thread started: thread_outbound 2-61
2024-06-11 19:09:46,532 INFO o.a.j.t.JMeterThread: Thread started: thread_outbound 2-62
2024-06-11 19:09:46,558 INFO o.a.j.t.JMeterThread: Thread started: thread_outbound 2-64
2024-06-11 19:09:46,564 INFO o.a.j.t.JMeterThread: Thread started: thread_outbound 2-66
2024-06-11 19:09:46,904 INFO o.a.j.t.JMeterThread: Thread started: thread_outbound 2-69
2024-06-11 19:09:46,999 INFO o.a.j.t.JMeterThread: Thread started: thread_outbound 2-71
2024-06-11 19:09:47,000 INFO o.a.j.t.JMeterThread: Thread started: thread_outbound 2-70
2024-06-11 19:09:47,001 INFO o.a.j.t.JMeterThread: Thread started: thread_outbound 2-72
2024-06-11 19:09:47,117 INFO o.a.j.t.JMeterThread: Thread started: thread_outbound 2-73
2024-06-11 19:09:47,135 INFO o.a.j.t.JMeterThread: Thread started: thread_outbound 2-74
2024-06-11 19:09:47,182 INFO o.a.j.t.JMeterThread: Thread started: thread_outbound 2-75
2024-06-11 19:09:47,184 INFO o.a.j.t.JMeterThread: Thread started: thread_outbound 2-76
2024-06-11 19:09:47,299 INFO o.a.j.t.JMeterThread: Thread started: thread_outbound 2-77
2024-06-11 19:09:47,322 INFO o.a.j.t.JMeterThread: Thread started: thread_outbound 2-80
2024-06-11 19:09:47,322 INFO o.a.j.t.JMeterThread: Thread started: thread_outbound 2-79
2024-06-11 19:09:47,327 INFO o.a.j.t.JMeterThread: Thread started: thread_outbound 2-78
2024-06-11 19:09:47,454 INFO o.a.j.t.JMeterThread: Thread started: thread_outbound 2-81
2024-06-11 19:09:47,471 INFO o.a.j.t.JMeterThread: Thread started: thread_outbound 2-82
2024-06-11 19:09:47,495 INFO o.a.j.t.JMeterThread: Thread started: thread_outbound 2-83
2024-06-11 19:09:47,503 INFO o.a.j.t.JMeterThread: Thread started: thread_outbound 2-84
2024-06-11 19:09:47,514 INFO o.a.j.t.JMeterThread: Thread started: thread_outbound 2-85
2024-06-11 19:09:47,520 INFO o.a.j.t.JMeterThread: Thread started: thread_outbound 2-87
2024-06-11 19:09:47,598 INFO o.a.j.t.JMeterThread: Thread started: thread_outbound 2-88
2024-06-11 19:09:47,676 INFO o.a.j.t.JMeterThread: Thread started: thread_outbound 2-91
2024-06-11 19:09:47,676 INFO o.a.j.t.JMeterThread: Thread started: thread_outbound 2-92
2024-06-11 19:09:47,690 INFO o.a.j.t.JMeterThread: Thread started: thread_outbound 2-86
2024-06-11 19:09:47,704 INFO o.a.j.t.JMeterThread: Thread started: thread_outbound 2-89
2024-06-11 19:09:47,740 INFO o.a.j.t.JMeterThread: Thread started: thread_outbound 2-90
2024-06-11 19:09:47,749 INFO o.a.j.t.JMeterThread: Thread started: thread_outbound 2-93
2024-06-11 19:09:47,820 INFO o.a.j.t.JMeterThread: Thread started: thread_outbound 2-95
2024-06-11 19:09:47,835 INFO o.a.j.t.JMeterThread: Thread started: thread_outbound 2-96
2024-06-11 19:09:47,861 INFO o.a.j.t.ThreadGroup: Started thread group number 2
2024-06-11 19:09:47,862 INFO o.a.j.e.StandardJMeterEngine: All thread groups have been started
2024-06-11 19:09:47,871 INFO o.a.j.t.JMeterThread: Thread started: thread_outbound 2-94
2024-06-11 19:09:47,887 INFO o.a.j.t.JMeterThread: Thread started: thread_outbound 2-97
2024-06-11 19:09:47,937 INFO o.a.j.t.JMeterThread: Thread started: thread_outbound 2-98
2024-06-11 19:09:47,954 INFO o.a.j.t.JMeterThread: Thread started: thread_outbound 2-99
2024-06-11 19:09:47,966 INFO o.a.j.t.JMeterThread: Thread started: thread_outbound 2-100
2024-06-11 19:09:48,769 INFO o.a.j.t.JMeterThread: Thread is done: thread_outbound 2-1
2024-06-11 19:09:48,769 INFO o.a.j.t.JMeterThread: Thread finished: thread_outbound 2-1
2024-06-11 19:09:48,887 INFO o.a.j.t.JMeterThread: Thread is done: thread_outbound 2-4
2024-06-11 19:09:48,895 INFO o.a.j.t.JMeterThread: Thread finished: thread_outbound 2-4
2024-06-11 19:09:49,034 INFO o.a.j.t.JMeterThread: Thread is done: thread_outbound 2-9
2024-06-11 19:09:49,034 INFO o.a.j.t.JMeterThread: Thread finished: thread_outbound 2-9
2024-06-11 19:09:49,471 INFO o.a.j.t.JMeterThread: Thread is done: thread_outbound 2-12
2024-06-11 19:09:49,471 INFO o.a.j.t.JMeterThread: Thread finished: thread_outbound 2-12
2024-06-11 19:09:49,692 INFO o.a.j.t.JMeterThread: Thread is done: thread_outbound 2-5
2024-06-11 19:09:49,698 INFO o.a.j.t.JMeterThread: Thread finished: thread_outbound 2-5
2024-06-11 19:09:50,198 INFO o.a.j.t.JMeterThread: Thread is done: thread_outbound 2-19
2024-06-11 19:09:50,198 INFO o.a.j.t.JMeterThread: Thread finished: thread_outbound 2-19
2024-06-11 19:09:50,436 INFO o.a.j.t.JMeterThread: Thread is done: thread_outbound 2-20
2024-06-11 19:09:50,436 INFO o.a.j.t.JMeterThread: Thread finished: thread_outbound 2-20
2024-06-11 19:09:50,774 INFO o.a.j.t.JMeterThread: Thread is done: thread_outbound 2-3
2024-06-11 19:09:50,777 INFO o.a.j.t.JMeterThread: Thread finished: thread_outbound 2-3
2024-06-11 19:09:51,224 INFO o.a.j.t.JMeterThread: Thread is done: thread_outbound 2-34
2024-06-11 19:09:51,224 INFO o.a.j.t.JMeterThread: Thread finished: thread_outbound 2-34
2024-06-11 19:09:51,451 INFO o.a.j.t.JMeterThread: Thread is done: thread_outbound 2-31
2024-06-11 19:09:51,451 INFO o.a.j.t.JMeterThread: Thread finished: thread_outbound 2-31
2024-06-11 19:09:51,768 INFO o.a.j.t.JMeterThread: Thread is done: thread_outbound 2-11
2024-06-11 19:09:51,768 INFO o.a.j.t.JMeterThread: Thread finished: thread_outbound 2-11
2024-06-11 19:09:52,216 INFO o.a.j.t.JMeterThread: Thread is done: thread_outbound 2-13
2024-06-11 19:09:52,216 INFO o.a.j.t.JMeterThread: Thread finished: thread_outbound 2-13
2024-06-11 19:09:52,363 INFO o.a.j.t.JMeterThread: Thread is done: thread_outbound 2-2
2024-06-11 19:09:52,363 INFO o.a.j.t.JMeterThread: Thread finished: thread_outbound 2-2
2024-06-11 19:09:52,743 INFO o.a.j.t.JMeterThread: Thread is done: thread_outbound 2-24
2024-06-11 19:09:52,743 INFO o.a.j.t.JMeterThread: Thread finished: thread_outbound 2-24
2024-06-11 19:09:53,042 INFO o.a.j.t.JMeterThread: Thread is done: thread_outbound 2-21
2024-06-11 19:09:53,044 INFO o.a.j.t.JMeterThread: Thread finished: thread_outbound 2-21
2024-06-11 19:09:53,345 INFO o.a.j.t.JMeterThread: Thread is done: thread_outbound 2-8
2024-06-11 19:09:53,345 INFO o.a.j.t.JMeterThread: Thread finished: thread_outbound 2-8
2024-06-11 19:09:53,646 INFO o.a.j.t.JMeterThread: Thread is done: thread_outbound 2-18
2024-06-11 19:09:53,646 INFO o.a.j.t.JMeterThread: Thread finished: thread_outbound 2-18
2024-06-11 19:09:53,907 INFO o.a.j.t.JMeterThread: Thread is done: thread_outbound 2-17
2024-06-11 19:09:53,907 INFO o.a.j.t.JMeterThread: Thread finished: thread_outbound 2-17
2024-06-11 19:09:54,150 INFO o.a.j.t.JMeterThread: Thread is done: thread_outbound 2-7
2024-06-11 19:09:54,150 INFO o.a.j.t.JMeterThread: Thread finished: thread_outbound 2-7
2024-06-11 19:09:54,527 INFO o.a.j.t.JMeterThread: Thread is done: thread_outbound 2-51
2024-06-11 19:09:54,527 INFO o.a.j.t.JMeterThread: Thread finished: thread_outbound 2-51
2024-06-11 19:09:54,795 INFO o.a.j.t.JMeterThread: Thread is done: thread_outbound 2-77
2024-06-11 19:09:54,795 INFO o.a.j.t.JMeterThread: Thread finished: thread_outbound 2-77
2024-06-11 19:09:55,138 INFO o.a.j.t.JMeterThread: Thread is done: thread_outbound 2-99
2024-06-11 19:09:55,138 INFO o.a.j.t.JMeterThread: Thread finished: thread_outbound 2-99
2024-06-11 19:09:55,483 INFO o.a.j.t.JMeterThread: Thread is done: thread_outbound 2-83
2024-06-11 19:09:55,483 INFO o.a.j.t.JMeterThread: Thread finished: thread_outbound 2-83
2024-06-11 19:09:55,777 INFO o.a.j.t.JMeterThread: Thread is done: thread_outbound 2-61
2024-06-11 19:09:55,785 INFO o.a.j.t.JMeterThread: Thread finished: thread_outbound 2-61
2024-06-11 19:09:56,009 INFO o.a.j.t.JMeterThread: Thread is done: thread_outbound 2-95
2024-06-11 19:09:56,011 INFO o.a.j.t.JMeterThread: Thread finished: thread_outbound 2-95
2024-06-11 19:09:56,420 INFO o.a.j.t.JMeterThread: Thread is done: thread_outbound 2-82
2024-06-11 19:09:56,422 INFO o.a.j.t.JMeterThread: Thread finished: thread_outbound 2-82
2024-06-11 19:09:56,536 INFO o.a.j.t.JMeterThread: Thread is done: thread_outbound 2-81
2024-06-11 19:09:56,536 INFO o.a.j.t.JMeterThread: Thread finished: thread_outbound 2-81
2024-06-11 19:09:56,916 INFO o.a.j.t.JMeterThread: Thread is done: thread_outbound 2-55
2024-06-11 19:09:56,916 INFO o.a.j.t.JMeterThread: Thread finished: thread_outbound 2-55
2024-06-11 19:09:57,208 INFO o.a.j.t.JMeterThread: Thread is done: thread_outbound 2-91
2024-06-11 19:09:57,208 INFO o.a.j.t.JMeterThread: Thread finished: thread_outbound 2-91
2024-06-11 19:09:57,530 INFO o.a.j.t.JMeterThread: Thread is done: thread_outbound 2-57
2024-06-11 19:09:57,530 INFO o.a.j.t.JMeterThread: Thread finished: thread_outbound 2-57
2024-06-11 19:09:57,860 INFO o.a.j.t.JMeterThread: Thread is done: thread_outbound 2-64
2024-06-11 19:09:57,860 INFO o.a.j.t.JMeterThread: Thread finished: thread_outbound 2-64
2024-06-11 19:09:58,053 INFO o.a.j.t.JMeterThread: Thread is done: thread_outbound 2-71
2024-06-11 19:09:58,053 INFO o.a.j.t.JMeterThread: Thread finished: thread_outbound 2-71
2024-06-11 19:09:58,367 INFO o.a.j.t.JMeterThread: Thread is done: thread_outbound 2-48
2024-06-11 19:09:58,367 INFO o.a.j.t.JMeterThread: Thread finished: thread_outbound 2-48
2024-06-11 19:09:58,524 INFO o.a.j.t.JMeterThread: Thread is done: thread_outbound 2-32
2024-06-11 19:09:58,524 INFO o.a.j.t.JMeterThread: Thread finished: thread_outbound 2-32
2024-06-11 19:09:58,670 INFO o.a.j.t.JMeterThread: Thread is done: thread_outbound 2-43
2024-06-11 19:09:58,670 INFO o.a.j.t.JMeterThread: Thread finished: thread_outbound 2-43
2024-06-11 19:09:58,855 INFO o.a.j.t.JMeterThread: Thread is done: thread_outbound 2-88
2024-06-11 19:09:58,855 INFO o.a.j.t.JMeterThread: Thread finished: thread_outbound 2-88
2024-06-11 19:09:59,142 INFO o.a.j.t.JMeterThread: Thread is done: thread_outbound 2-93
2024-06-11 19:09:59,142 INFO o.a.j.t.JMeterThread: Thread finished: thread_outbound 2-93
2024-06-11 19:09:59,377 INFO o.a.j.t.JMeterThread: Thread is done: thread_outbound 2-40
2024-06-11 19:09:59,377 INFO o.a.j.t.JMeterThread: Thread finished: thread_outbound 2-40
2024-06-11 19:09:59,682 INFO o.a.j.t.JMeterThread: Thread is done: thread_outbound 2-28
2024-06-11 19:09:59,682 INFO o.a.j.t.JMeterThread: Thread finished: thread_outbound 2-28
2024-06-11 19:09:59,766 INFO o.a.j.t.JMeterThread: Thread is done: thread_outbound 2-100
2024-06-11 19:09:59,766 INFO o.a.j.t.JMeterThread: Thread finished: thread_outbound 2-100
2024-06-11 19:10:00,030 INFO o.a.j.r.Summariser: summary +    271 in 00:00:18 =   14.8/s Avg:  2395 Min:     0 Max:  8023 Err:     2 (0.74%) Active: 60 Started: 101 Finished: 41
2024-06-11 19:10:00,172 INFO o.a.j.t.JMeterThread: Thread is done: thread_outbound 2-87
2024-06-11 19:10:00,172 INFO o.a.j.t.JMeterThread: Thread finished: thread_outbound 2-87
2024-06-11 19:10:00,357 INFO o.a.j.t.JMeterThread: Thread is done: thread_outbound 2-62
2024-06-11 19:10:00,357 INFO o.a.j.t.JMeterThread: Thread finished: thread_outbound 2-62
2024-06-11 19:10:00,519 INFO o.a.j.t.JMeterThread: Thread is done: thread_outbound 2-23
2024-06-11 19:10:00,519 INFO o.a.j.t.JMeterThread: Thread finished: thread_outbound 2-23
2024-06-11 19:10:00,801 INFO o.a.j.t.JMeterThread: Thread is done: thread_outbound 2-85
2024-06-11 19:10:00,801 INFO o.a.j.t.JMeterThread: Thread finished: thread_outbound 2-85
2024-06-11 19:10:01,076 INFO o.a.j.t.JMeterThread: Thread is done: thread_outbound 2-79
2024-06-11 19:10:01,076 INFO o.a.j.t.JMeterThread: Thread finished: thread_outbound 2-79
2024-06-11 19:10:01,626 INFO o.a.j.t.JMeterThread: Thread is done: thread_outbound 2-59
2024-06-11 19:10:01,626 INFO o.a.j.t.JMeterThread: Thread finished: thread_outbound 2-59
2024-06-11 19:10:01,664 INFO o.a.j.t.JMeterThread: Thread is done: thread_outbound 2-96
2024-06-11 19:10:01,664 INFO o.a.j.t.JMeterThread: Thread finished: thread_outbound 2-96
2024-06-11 19:10:01,962 INFO o.a.j.t.JMeterThread: Thread is done: thread_outbound 2-94
2024-06-11 19:10:01,962 INFO o.a.j.t.JMeterThread: Thread finished: thread_outbound 2-94
2024-06-11 19:10:02,307 INFO o.a.j.t.JMeterThread: Thread is done: thread_outbound 2-97
2024-06-11 19:10:02,307 INFO o.a.j.t.JMeterThread: Thread finished: thread_outbound 2-97
2024-06-11 19:10:02,561 INFO o.a.j.t.JMeterThread: Thread is done: thread_outbound 2-41
2024-06-11 19:10:02,561 INFO o.a.j.t.JMeterThread: Thread finished: thread_outbound 2-41
2024-06-11 19:10:03,142 INFO o.a.j.t.JMeterThread: Thread is done: thread_outbound 2-52
2024-06-11 19:10:03,142 INFO o.a.j.t.JMeterThread: Thread finished: thread_outbound 2-52
2024-06-11 19:10:03,385 INFO o.a.j.t.JMeterThread: Thread is done: thread_outbound 2-92
2024-06-11 19:10:03,385 INFO o.a.j.t.JMeterThread: Thread finished: thread_outbound 2-92
2024-06-11 19:10:03,863 INFO o.a.j.t.JMeterThread: Thread is done: thread_outbound 2-58
2024-06-11 19:10:03,863 INFO o.a.j.t.JMeterThread: Thread finished: thread_outbound 2-58
2024-06-11 19:10:04,082 INFO o.a.j.t.JMeterThread: Thread is done: thread_outbound 2-6
2024-06-11 19:10:04,082 INFO o.a.j.t.JMeterThread: Thread finished: thread_outbound 2-6
2024-06-11 19:10:04,427 INFO o.a.j.t.JMeterThread: Thread is done: thread_outbound 2-67
2024-06-11 19:10:04,427 INFO o.a.j.t.JMeterThread: Thread finished: thread_outbound 2-67
2024-06-11 19:10:04,693 INFO o.a.j.t.JMeterThread: Thread is done: thread_outbound 2-25
2024-06-11 19:10:04,697 INFO o.a.j.t.JMeterThread: Thread finished: thread_outbound 2-25
2024-06-11 19:10:05,040 INFO o.a.j.t.JMeterThread: Thread is done: thread_outbound 2-98
2024-06-11 19:10:05,040 INFO o.a.j.t.JMeterThread: Thread finished: thread_outbound 2-98
2024-06-11 19:10:05,324 INFO o.a.j.t.JMeterThread: Thread is done: thread_outbound 2-68
2024-06-11 19:10:05,324 INFO o.a.j.t.JMeterThread: Thread finished: thread_outbound 2-68
2024-06-11 19:10:05,509 INFO o.a.j.t.JMeterThread: Thread is done: thread_outbound 2-90
2024-06-11 19:10:05,509 INFO o.a.j.t.JMeterThread: Thread finished: thread_outbound 2-90
2024-06-11 19:10:05,774 INFO o.a.j.t.JMeterThread: Thread is done: thread_outbound 2-47
2024-06-11 19:10:05,774 INFO o.a.j.t.JMeterThread: Thread finished: thread_outbound 2-47
2024-06-11 19:10:06,028 INFO o.a.j.t.JMeterThread: Thread is done: thread_outbound 2-73
2024-06-11 19:10:06,029 INFO o.a.j.t.JMeterThread: Thread finished: thread_outbound 2-73
2024-06-11 19:10:06,356 INFO o.a.j.t.JMeterThread: Thread is done: thread_outbound 2-78
2024-06-11 19:10:06,356 INFO o.a.j.t.JMeterThread: Thread finished: thread_outbound 2-78
2024-06-11 19:10:06,522 INFO o.a.j.t.JMeterThread: Thread is done: thread_outbound 2-42
2024-06-11 19:10:06,522 INFO o.a.j.t.JMeterThread: Thread finished: thread_outbound 2-42
2024-06-11 19:10:06,899 INFO o.a.j.t.JMeterThread: Thread is done: thread_outbound 2-86
2024-06-11 19:10:06,899 INFO o.a.j.t.JMeterThread: Thread finished: thread_outbound 2-86
2024-06-11 19:10:07,042 INFO o.a.j.t.JMeterThread: Thread is done: thread_outbound 2-45
2024-06-11 19:10:07,042 INFO o.a.j.t.JMeterThread: Thread finished: thread_outbound 2-45
2024-06-11 19:10:07,256 INFO o.a.j.t.JMeterThread: Thread is done: thread_outbound 2-44
2024-06-11 19:10:07,256 INFO o.a.j.t.JMeterThread: Thread finished: thread_outbound 2-44
2024-06-11 19:10:07,562 INFO o.a.j.t.JMeterThread: Thread is done: thread_outbound 2-80
2024-06-11 19:10:07,562 INFO o.a.j.t.JMeterThread: Thread finished: thread_outbound 2-80
2024-06-11 19:10:07,702 INFO o.a.j.t.JMeterThread: Thread is done: thread_outbound 2-75
2024-06-11 19:10:07,702 INFO o.a.j.t.JMeterThread: Thread finished: thread_outbound 2-75
2024-06-11 19:10:08,171 INFO o.a.j.t.JMeterThread: Thread is done: thread_outbound 2-84
2024-06-11 19:10:08,171 INFO o.a.j.t.JMeterThread: Thread finished: thread_outbound 2-84
2024-06-11 19:10:08,222 INFO o.a.j.t.JMeterThread: Thread is done: thread_outbound 2-74
2024-06-11 19:10:08,222 INFO o.a.j.t.JMeterThread: Thread finished: thread_outbound 2-74
2024-06-11 19:10:08,311 INFO o.a.j.t.JMeterThread: Thread is done: thread_outbound 2-56
2024-06-11 19:10:08,311 INFO o.a.j.t.JMeterThread: Thread finished: thread_outbound 2-56
2024-06-11 19:10:08,657 INFO o.a.j.t.JMeterThread: Thread is done: thread_outbound 2-22
2024-06-11 19:10:08,657 INFO o.a.j.t.JMeterThread: Thread finished: thread_outbound 2-22
2024-06-11 19:10:08,897 INFO o.a.j.t.JMeterThread: Thread is done: thread_outbound 2-27
2024-06-11 19:10:08,899 INFO o.a.j.t.JMeterThread: Thread finished: thread_outbound 2-27
2024-06-11 19:10:09,218 INFO o.a.j.t.JMeterThread: Thread is done: thread_outbound 2-63
2024-06-11 19:10:09,218 INFO o.a.j.t.JMeterThread: Thread finished: thread_outbound 2-63
2024-06-11 19:10:09,424 INFO o.a.j.t.JMeterThread: Thread is done: thread_outbound 2-54
2024-06-11 19:10:09,424 INFO o.a.j.t.JMeterThread: Thread finished: thread_outbound 2-54
2024-06-11 19:10:09,632 INFO o.a.j.t.JMeterThread: Thread is done: thread_outbound 2-53
2024-06-11 19:10:09,632 INFO o.a.j.t.JMeterThread: Thread finished: thread_outbound 2-53
2024-06-11 19:10:09,888 INFO o.a.j.t.JMeterThread: Thread is done: thread_outbound 2-66
2024-06-11 19:10:09,888 INFO o.a.j.t.JMeterThread: Thread finished: thread_outbound 2-66
2024-06-11 19:10:09,974 INFO o.a.j.t.JMeterThread: Thread is done: thread_outbound 2-76
2024-06-11 19:10:09,974 INFO o.a.j.t.JMeterThread: Thread finished: thread_outbound 2-76
2024-06-11 19:10:10,273 INFO o.a.j.t.JMeterThread: Thread is done: thread_outbound 2-30
2024-06-11 19:10:10,273 INFO o.a.j.t.JMeterThread: Thread finished: thread_outbound 2-30
2024-06-11 19:10:10,541 INFO o.a.j.t.JMeterThread: Thread is done: thread_outbound 2-72
2024-06-11 19:10:10,541 INFO o.a.j.t.JMeterThread: Thread finished: thread_outbound 2-72
2024-06-11 19:10:10,872 INFO o.a.j.t.JMeterThread: Thread is done: thread_outbound 2-16
2024-06-11 19:10:10,872 INFO o.a.j.t.JMeterThread: Thread finished: thread_outbound 2-16
2024-06-11 19:10:11,162 INFO o.a.j.t.JMeterThread: Thread is done: thread_outbound 2-89
2024-06-11 19:10:11,162 INFO o.a.j.t.JMeterThread: Thread finished: thread_outbound 2-89
2024-06-11 19:10:11,457 INFO o.a.j.t.JMeterThread: Thread is done: thread_outbound 2-33
2024-06-11 19:10:11,457 INFO o.a.j.t.JMeterThread: Thread finished: thread_outbound 2-33
2024-06-11 19:10:11,782 INFO o.a.j.t.JMeterThread: Thread is done: thread_outbound 2-49
2024-06-11 19:10:11,782 INFO o.a.j.t.JMeterThread: Thread finished: thread_outbound 2-49
2024-06-11 19:10:12,073 INFO o.a.j.t.JMeterThread: Thread is done: thread_outbound 2-60
2024-06-11 19:10:12,073 INFO o.a.j.t.JMeterThread: Thread finished: thread_outbound 2-60
2024-06-11 19:10:12,407 INFO o.a.j.t.JMeterThread: Thread is done: thread_outbound 2-39
2024-06-11 19:10:12,407 INFO o.a.j.t.JMeterThread: Thread finished: thread_outbound 2-39
2024-06-11 19:10:12,698 INFO o.a.j.t.JMeterThread: Thread is done: thread_outbound 2-70
2024-06-11 19:10:12,698 INFO o.a.j.t.JMeterThread: Thread finished: thread_outbound 2-70
2024-06-11 19:10:13,022 INFO o.a.j.t.JMeterThread: Thread is done: thread_outbound 2-50
2024-06-11 19:10:13,022 INFO o.a.j.t.JMeterThread: Thread finished: thread_outbound 2-50
2024-06-11 19:10:13,295 INFO o.a.j.t.JMeterThread: Thread is done: thread_outbound 2-69
2024-06-11 19:10:13,300 INFO o.a.j.t.JMeterThread: Thread finished: thread_outbound 2-69
2024-06-11 19:10:13,620 INFO o.a.j.t.JMeterThread: Thread is done: thread_outbound 2-38
2024-06-11 19:10:13,620 INFO o.a.j.t.JMeterThread: Thread finished: thread_outbound 2-38
2024-06-11 19:10:13,935 INFO o.a.j.t.JMeterThread: Thread is done: thread_outbound 2-37
2024-06-11 19:10:13,935 INFO o.a.j.t.JMeterThread: Thread finished: thread_outbound 2-37
2024-06-11 19:10:14,242 INFO o.a.j.t.JMeterThread: Thread is done: thread_outbound 2-10
2024-06-11 19:10:14,242 INFO o.a.j.t.JMeterThread: Thread finished: thread_outbound 2-10
2024-06-11 19:10:14,547 INFO o.a.j.t.JMeterThread: Thread is done: thread_outbound 2-15
2024-06-11 19:10:14,547 INFO o.a.j.t.JMeterThread: Thread finished: thread_outbound 2-15
2024-06-11 19:10:14,987 INFO o.a.j.t.JMeterThread: Thread is done: thread_outbound 2-65
2024-06-11 19:10:14,987 INFO o.a.j.t.JMeterThread: Thread finished: thread_outbound 2-65
2024-06-11 19:10:15,213 INFO o.a.j.t.JMeterThread: Thread is done: thread_outbound 2-29
2024-06-11 19:10:15,213 INFO o.a.j.t.JMeterThread: Thread finished: thread_outbound 2-29
2024-06-11 19:10:15,332 INFO o.a.j.t.JMeterThread: Thread is done: thread_outbound 2-46
2024-06-11 19:10:15,332 INFO o.a.j.t.JMeterThread: Thread finished: thread_outbound 2-46
2024-06-11 19:10:15,437 INFO o.a.j.t.JMeterThread: Thread is done: thread_outbound 2-35
2024-06-11 19:10:15,437 INFO o.a.j.t.JMeterThread: Thread finished: thread_outbound 2-35
2024-06-11 19:10:15,735 INFO o.a.j.t.JMeterThread: Thread is done: thread_outbound 2-36
2024-06-11 19:10:15,735 INFO o.a.j.t.JMeterThread: Thread finished: thread_outbound 2-36
2024-06-11 19:10:15,849 INFO o.a.j.t.JMeterThread: Thread is done: thread_outbound 2-26
2024-06-11 19:10:15,849 INFO o.a.j.t.JMeterThread: Thread finished: thread_outbound 2-26
2024-06-11 19:10:16,219 INFO o.a.j.t.JMeterThread: Thread is done: thread_outbound 2-14
2024-06-11 19:10:16,219 INFO o.a.j.t.JMeterThread: Thread finished: thread_outbound 2-14
2024-06-11 19:10:16,219 INFO o.a.j.e.StandardJMeterEngine: Notifying test listeners of end of test
2024-06-11 19:10:16,232 INFO o.a.j.r.Summariser: summary +    230 in 00:00:16 =   14.2/s Avg:  4351 Min:     0 Max: 26644 Err:     0 (0.00%) Active: 0 Started: 101 Finished: 101
2024-06-11 19:10:16,232 INFO o.a.j.r.Summariser: summary =    501 in 00:00:34 =   14.5/s Avg:  3293 Min:     0 Max: 26644 Err:     2 (0.40%)
2024-06-11 19:10:16,233 INFO o.a.j.JMeter: Generating Dashboard
2024-06-11 19:10:16,234 INFO o.a.j.r.d.ReportGenerator: Flushing result collector before report Generation
2024-06-11 19:10:16,257 INFO o.a.j.r.p.NormalizerSampleConsumer: Using format, 'yyyy-MM-dd HH:mm:ss', to parse timeStamp field
2024-06-11 19:10:16,619 INFO o.a.j.r.p.AbstractSampleConsumer: class org.apache.jmeter.report.processor.AggregateConsumer#stopProducing(): beginDate produced 0 samples
2024-06-11 19:10:16,620 INFO o.a.j.r.p.AbstractSampleConsumer: class org.apache.jmeter.report.processor.AggregateConsumer#stopProducing(): endDate produced 0 samples
2024-06-11 19:10:16,623 INFO o.a.j.r.p.AbstractSampleConsumer: class org.apache.jmeter.report.processor.ApdexSummaryConsumer#stopProducing(): apdexSummary produced 0 samples
2024-06-11 19:10:16,623 INFO o.a.j.r.p.AbstractSampleConsumer: class org.apache.jmeter.report.processor.RequestsSummaryConsumer#stopProducing(): requestsSummary produced 0 samples
2024-06-11 19:10:16,639 INFO o.a.j.r.p.AbstractSampleConsumer: class org.apache.jmeter.report.processor.StatisticsSummaryConsumer#stopProducing(): statisticsSummary produced 0 samples
2024-06-11 19:10:16,644 INFO o.a.j.r.p.AbstractSampleConsumer: class org.apache.jmeter.report.processor.Top5ErrorsBySamplerConsumer#stopProducing(): top5ErrorsBySampler produced 0 samples
2024-06-11 19:10:16,645 INFO o.a.j.r.p.AbstractSampleConsumer: class org.apache.jmeter.report.processor.ErrorsSummaryConsumer#stopProducing(): errorsSummary produced 0 samples
2024-06-11 19:10:16,646 INFO o.a.j.r.p.AbstractSampleConsumer: class org.apache.jmeter.report.processor.graph.impl.HitsPerSecondGraphConsumer#stopProducing(): hitsPerSecond produced 0 samples
2024-06-11 19:10:16,729 INFO o.a.j.r.p.AbstractSampleConsumer: class org.apache.jmeter.report.processor.graph.impl.LatencyVSRequestGraphConsumer#stopProducing(): latencyVsRequest produced 0 samples
2024-06-11 19:10:16,730 INFO o.a.j.r.p.AbstractSampleConsumer: class org.apache.jmeter.report.processor.graph.impl.SyntheticResponseTimeDistributionGraphConsumer#stopProducing(): syntheticResponseTimeDistribution produced 0 samples
2024-06-11 19:10:16,731 INFO o.a.j.r.p.AbstractSampleConsumer: class org.apache.jmeter.report.processor.graph.impl.BytesThroughputGraphConsumer#stopProducing(): bytesThroughputOverTime produced 0 samples
2024-06-11 19:10:16,731 INFO o.a.j.r.p.AbstractSampleConsumer: class org.apache.jmeter.report.processor.graph.impl.CodesPerSecondGraphConsumer#stopProducing(): codesPerSecond produced 0 samples
2024-06-11 19:10:16,778 INFO o.a.j.r.p.AbstractSampleConsumer: class org.apache.jmeter.report.processor.graph.impl.ResponseTimeVSRequestGraphConsumer#stopProducing(): responseTimeVsRequest produced 0 samples
2024-06-11 19:10:16,778 INFO o.a.j.r.p.AbstractSampleConsumer: class org.apache.jmeter.report.processor.FilterConsumer#stopProducing(): startIntervalControlerFilter produced 3507 samples
2024-06-11 19:10:16,779 INFO o.a.j.r.p.AbstractSampleConsumer: class org.apache.jmeter.report.processor.graph.impl.TotalTPSGraphConsumer#stopProducing(): totalTPS produced 0 samples
2024-06-11 19:10:16,780 INFO o.a.j.r.p.AbstractSampleConsumer: class org.apache.jmeter.report.processor.graph.impl.ActiveThreadsGraphConsumer#stopProducing(): activeThreadsOverTime produced 0 samples
2024-06-11 19:10:16,780 INFO o.a.j.r.p.AbstractSampleConsumer: class org.apache.jmeter.report.processor.graph.impl.TimeVSThreadGraphConsumer#stopProducing(): timeVsThreads produced 0 samples
2024-06-11 19:10:16,782 INFO o.a.j.r.p.AbstractSampleConsumer: class org.apache.jmeter.report.processor.graph.impl.ResponseTimeDistributionGraphConsumer#stopProducing(): responseTimeDistribution produced 0 samples
2024-06-11 19:10:16,784 INFO o.a.j.r.p.AbstractSampleConsumer: class org.apache.jmeter.report.processor.graph.impl.TransactionsPerSecondGraphConsumer#stopProducing(): transactionsPerSecond produced 0 samples
2024-06-11 19:10:16,784 INFO o.a.j.r.p.AbstractSampleConsumer: class org.apache.jmeter.report.processor.graph.impl.ResponseTimePercentilesGraphConsumer#stopProducing(): responseTimePercentiles produced 0 samples
2024-06-11 19:10:16,793 INFO o.a.j.r.p.AbstractSampleConsumer: class org.apache.jmeter.report.processor.graph.impl.ResponseTimePercentilesOverTimeGraphConsumer#stopProducing(): responseTimePercentilesOverTime produced 0 samples
2024-06-11 19:10:16,798 INFO o.a.j.r.p.AbstractSampleConsumer: class org.apache.jmeter.report.processor.graph.impl.ResponseTimeOverTimeGraphConsumer#stopProducing(): responseTimesOverTime produced 0 samples
2024-06-11 19:10:16,798 INFO o.a.j.r.p.AbstractSampleConsumer: class org.apache.jmeter.report.processor.graph.impl.ConnectTimeOverTimeGraphConsumer#stopProducing(): connectTimeOverTime produced 0 samples
2024-06-11 19:10:16,798 INFO o.a.j.r.p.AbstractSampleConsumer: class org.apache.jmeter.report.processor.graph.impl.LatencyOverTimeGraphConsumer#stopProducing(): latenciesOverTime produced 0 samples
2024-06-11 19:10:16,798 INFO o.a.j.r.p.AbstractSampleConsumer: class org.apache.jmeter.report.processor.FilterConsumer#stopProducing(): nameFilter produced 7515 samples
2024-06-11 19:10:16,798 INFO o.a.j.r.p.AbstractSampleConsumer: class org.apache.jmeter.report.processor.FilterConsumer#stopProducing(): dateRangeFilter produced 1503 samples
2024-06-11 19:10:16,798 INFO o.a.j.r.p.AbstractSampleConsumer: class org.apache.jmeter.report.processor.NormalizerSampleConsumer#stopProducing(): normalizer produced 501 samples
2024-06-11 19:10:16,800 INFO o.a.j.r.p.CsvFileSampleSource: produce(): 501 samples produced in 450ms on channel 0
2024-06-11 19:10:16,800 INFO o.a.j.r.d.ReportGenerator: Exporting data using exporter:'json' of className:'org.apache.jmeter.report.dashboard.JsonExporter'
2024-06-11 19:10:17,102 INFO o.a.j.r.d.JsonExporter: Found data for consumer statisticsSummary in context
2024-06-11 19:10:17,102 INFO o.a.j.r.d.JsonExporter: Creating statistics for overall
2024-06-11 19:10:17,103 INFO o.a.j.r.d.JsonExporter: Creating statistics for other transactions
2024-06-11 19:10:17,105 INFO o.a.j.r.d.JsonExporter: Checking output folder
2024-06-11 19:10:17,106 INFO o.a.j.r.d.JsonExporter: Writing statistics JSON to C:\Users\SwatantraKSrivastava\OneDrive - Advatix\Desktop\load_testing\load_testing1\acs-2\outbound\outbound_report\statistics.json
2024-06-11 19:10:17,234 INFO o.a.j.r.d.ReportGenerator: Exporting data using exporter:'html' of className:'org.apache.jmeter.report.dashboard.HtmlTemplateExporter'
2024-06-11 19:10:17,246 INFO o.a.j.r.d.HtmlTemplateExporter: Will generate dashboard in folder: C:\Users\SwatantraKSrivastava\OneDrive - Advatix\Desktop\load_testing\load_testing1\acs-2\outbound\outbound_report
2024-06-11 19:10:17,568 INFO o.a.j.r.d.HtmlTemplateExporter: Report will be generated in: C:\Users\SwatantraKSrivastava\OneDrive - Advatix\Desktop\load_testing\load_testing1\acs-2\outbound\outbound_report, creating folder structure
2024-06-11 19:10:17,577 INFO o.a.j.r.d.TemplateVisitor: Copying folder from 'C:\Users\SwatantraKSrivastava\OneDrive - Advatix\Desktop\load_testing\load_testing1\apache-jmeter-5.6.3\bin\report-template' to 'C:\Users\SwatantraKSrivastava\OneDrive - Advatix\Desktop\load_testing\load_testing1\acs-2\outbound\outbound_report', got message: C:\Users\SwatantraKSrivastava\OneDrive - Advatix\Desktop\load_testing\load_testing1\acs-2\outbound\outbound_report, found non empty folder with following content [C:\Users\SwatantraKSrivastava\OneDrive - Advatix\Desktop\load_testing\load_testing1\acs-2\outbound\outbound_report\statistics.json], will be ignored
2024-06-11 19:10:19,099 INFO o.a.j.JMeter: Dashboard generated
